id_species,identifier_species,generation_id,evolves_from_species_id,evolution_chain_id,color_id,shape_id,habitat_id,gender_rate,capture_rate,base_happiness,is_baby,hatch_counter,has_gender_differences,growth_rate_id,forms_switchable,is_legendary,is_mythical,order,conquest_order,id_gen,main_region_id,identifier_gen
1,bulbasaur,1,,1,5,8,3.0,1,45,50.0,0,20.0,0,4,0,0,0,1,,1,1,generation-i
2,ivysaur,1,1.0,1,5,8,3.0,1,45,50.0,0,20.0,0,4,0,0,0,2,,1,1,generation-i
3,venusaur,1,2.0,1,5,8,3.0,1,45,50.0,0,20.0,1,4,1,0,0,3,,1,1,generation-i
4,charmander,1,,2,8,6,4.0,1,45,50.0,0,20.0,0,4,0,0,0,4,109.0,1,1,generation-i
5,charmeleon,1,4.0,2,8,6,4.0,1,45,50.0,0,20.0,0,4,0,0,0,5,110.0,1,1,generation-i
6,charizard,1,5.0,2,8,6,4.0,1,45,50.0,0,20.0,0,4,1,0,0,6,111.0,1,1,generation-i
7,squirtle,1,,3,2,6,9.0,1,45,50.0,0,20.0,0,4,0,0,0,7,,1,1,generation-i
8,wartortle,1,7.0,3,2,6,9.0,1,45,50.0,0,20.0,0,4,0,0,0,8,,1,1,generation-i
9,blastoise,1,8.0,3,2,6,9.0,1,45,50.0,0,20.0,0,4,1,0,0,9,,1,1,generation-i
10,caterpie,1,,4,5,14,2.0,4,255,50.0,0,15.0,0,2,0,0,0,10,,1,1,generation-i
11,metapod,1,10.0,4,5,2,2.0,4,120,50.0,0,15.0,0,2,0,0,0,11,,1,1,generation-i
12,butterfree,1,11.0,4,9,13,2.0,4,45,50.0,0,15.0,1,2,0,0,0,12,,1,1,generation-i
13,weedle,1,,5,3,14,2.0,4,255,70.0,0,15.0,0,2,0,0,0,13,,1,1,generation-i
14,kakuna,1,13.0,5,10,2,2.0,4,120,70.0,0,15.0,0,2,0,0,0,14,,1,1,generation-i
15,beedrill,1,14.0,5,10,13,2.0,4,45,70.0,0,15.0,0,2,1,0,0,15,177.0,1,1,generation-i
16,pidgey,1,,6,3,9,2.0,4,255,70.0,0,15.0,0,4,0,0,0,16,,1,1,generation-i
17,pidgeotto,1,16.0,6,3,9,2.0,4,120,70.0,0,15.0,0,4,0,0,0,17,,1,1,generation-i
18,pidgeot,1,17.0,6,3,9,2.0,4,45,70.0,0,15.0,0,4,1,0,0,18,,1,1,generation-i
19,rattata,1,,7,7,8,3.0,4,255,70.0,0,15.0,1,2,0,0,0,19,,1,1,generation-i
20,raticate,1,19.0,7,3,8,3.0,4,127,70.0,0,15.0,1,2,0,0,0,20,,1,1,generation-i
21,spearow,1,,8,3,9,6.0,4,255,70.0,0,15.0,0,2,0,0,0,21,,1,1,generation-i
22,fearow,1,21.0,8,3,9,6.0,4,90,70.0,0,15.0,0,2,0,0,0,22,,1,1,generation-i
23,ekans,1,,9,7,2,3.0,4,255,70.0,0,20.0,0,2,0,0,0,23,54.0,1,1,generation-i
24,arbok,1,23.0,9,7,2,3.0,4,90,70.0,0,20.0,0,2,0,0,0,24,55.0,1,1,generation-i
25,pikachu,1,172.0,10,10,8,2.0,4,190,50.0,0,10.0,1,2,0,0,0,26,16.0,1,1,generation-i
26,raichu,1,25.0,10,10,6,2.0,4,75,50.0,0,10.0,1,2,0,0,0,27,17.0,1,1,generation-i
27,sandshrew,1,,11,10,6,6.0,4,255,50.0,0,20.0,0,2,0,0,0,28,,1,1,generation-i
28,sandslash,1,27.0,11,10,6,6.0,4,90,50.0,0,20.0,0,2,0,0,0,29,,1,1,generation-i
29,nidoran-f,1,,12,2,8,3.0,8,235,50.0,0,20.0,0,4,0,0,0,30,,1,1,generation-i
30,nidorina,1,29.0,12,2,8,3.0,8,120,50.0,0,20.0,0,4,0,0,0,31,,1,1,generation-i
31,nidoqueen,1,30.0,12,2,6,3.0,8,45,50.0,0,20.0,0,4,0,0,0,32,,1,1,generation-i
32,nidoran-m,1,,13,7,8,3.0,0,235,50.0,0,20.0,0,4,0,0,0,33,,1,1,generation-i
33,nidorino,1,32.0,13,7,8,3.0,0,120,50.0,0,20.0,0,4,0,0,0,34,,1,1,generation-i
34,nidoking,1,33.0,13,7,6,3.0,0,45,50.0,0,20.0,0,4,0,0,0,35,,1,1,generation-i
35,clefairy,1,173.0,14,6,6,4.0,6,150,140.0,0,10.0,0,3,0,0,0,37,,1,1,generation-i
36,clefable,1,35.0,14,6,6,4.0,6,25,140.0,0,10.0,0,3,0,0,0,38,,1,1,generation-i
37,vulpix,1,,15,3,8,3.0,6,190,50.0,0,20.0,0,2,0,0,0,39,,1,1,generation-i
38,ninetales,1,37.0,15,10,8,3.0,6,75,50.0,0,20.0,0,2,0,0,0,40,,1,1,generation-i
39,jigglypuff,1,174.0,16,6,12,3.0,6,170,50.0,0,10.0,0,3,0,0,0,42,21.0,1,1,generation-i
40,wigglytuff,1,39.0,16,6,12,3.0,6,50,50.0,0,10.0,0,3,0,0,0,43,22.0,1,1,generation-i
41,zubat,1,,17,7,9,1.0,4,255,50.0,0,15.0,1,2,0,0,0,44,23.0,1,1,generation-i
42,golbat,1,41.0,17,7,9,1.0,4,90,50.0,0,15.0,1,2,0,0,0,45,24.0,1,1,generation-i
43,oddish,1,,18,2,7,3.0,4,255,50.0,0,20.0,0,4,0,0,0,47,,1,1,generation-i
44,gloom,1,43.0,18,2,12,3.0,4,120,50.0,0,20.0,1,4,0,0,0,48,,1,1,generation-i
45,vileplume,1,44.0,18,8,12,3.0,4,45,50.0,0,20.0,1,4,0,0,0,49,,1,1,generation-i
46,paras,1,,19,8,14,2.0,4,190,70.0,0,20.0,0,2,0,0,0,51,,1,1,generation-i
47,parasect,1,46.0,19,8,14,2.0,4,75,70.0,0,20.0,0,2,0,0,0,52,,1,1,generation-i
48,venonat,1,,20,7,12,2.0,4,190,70.0,0,20.0,0,2,0,0,0,53,,1,1,generation-i
49,venomoth,1,48.0,20,7,13,2.0,4,75,70.0,0,20.0,0,2,0,0,0,54,,1,1,generation-i
50,diglett,1,,21,3,5,1.0,4,255,50.0,0,20.0,0,2,0,0,0,55,,1,1,generation-i
51,dugtrio,1,50.0,21,3,11,1.0,4,50,50.0,0,20.0,0,2,0,0,0,56,,1,1,generation-i
52,meowth,1,,22,10,8,8.0,4,255,50.0,0,20.0,0,2,0,0,0,57,58.0,1,1,generation-i
53,persian,1,52.0,22,10,8,8.0,4,90,50.0,0,20.0,0,2,0,0,0,58,59.0,1,1,generation-i
54,psyduck,1,,23,10,6,9.0,4,190,50.0,0,20.0,0,2,0,0,0,59,,1,1,generation-i
55,golduck,1,54.0,23,2,6,9.0,4,75,50.0,0,20.0,0,2,0,0,0,60,,1,1,generation-i
56,mankey,1,,24,3,6,4.0,4,190,70.0,0,20.0,0,2,0,0,0,61,,1,1,generation-i
57,primeape,1,56.0,24,3,6,4.0,4,75,70.0,0,20.0,0,2,0,0,0,62,,1,1,generation-i
58,growlithe,1,,25,3,8,3.0,2,190,50.0,0,20.0,0,1,0,0,0,63,,1,1,generation-i
59,arcanine,1,58.0,25,3,8,3.0,2,75,50.0,0,20.0,0,1,0,0,0,64,,1,1,generation-i
60,poliwag,1,,26,2,7,9.0,4,255,50.0,0,20.0,0,4,0,0,0,65,,1,1,generation-i
61,poliwhirl,1,60.0,26,2,12,9.0,4,120,50.0,0,20.0,0,4,0,0,0,66,,1,1,generation-i
62,poliwrath,1,61.0,26,2,12,9.0,4,45,50.0,0,20.0,0,4,0,0,0,67,,1,1,generation-i
63,abra,1,,27,3,6,8.0,2,200,50.0,0,20.0,0,4,0,0,0,69,127.0,1,1,generation-i
64,kadabra,1,63.0,27,3,6,8.0,2,100,50.0,0,20.0,1,4,0,0,0,70,128.0,1,1,generation-i
65,alakazam,1,64.0,27,3,12,8.0,2,50,50.0,0,20.0,1,4,1,0,0,71,129.0,1,1,generation-i
66,machop,1,,28,4,6,4.0,2,180,50.0,0,20.0,0,4,0,0,0,72,98.0,1,1,generation-i
67,machoke,1,66.0,28,4,12,4.0,2,90,50.0,0,20.0,0,4,0,0,0,73,99.0,1,1,generation-i
68,machamp,1,67.0,28,4,12,4.0,2,45,50.0,0,20.0,0,4,0,0,0,74,100.0,1,1,generation-i
69,bellsprout,1,,29,5,12,2.0,4,255,70.0,0,20.0,0,4,0,0,0,75,,1,1,generation-i
70,weepinbell,1,69.0,29,5,5,2.0,4,120,70.0,0,20.0,0,4,0,0,0,76,,1,1,generation-i
71,victreebel,1,70.0,29,5,5,2.0,4,45,70.0,0,20.0,0,4,0,0,0,77,,1,1,generation-i
72,tentacool,1,,30,2,10,7.0,4,190,50.0,0,20.0,0,1,0,0,0,78,,1,1,generation-i
73,tentacruel,1,72.0,30,2,10,7.0,4,60,50.0,0,20.0,0,1,0,0,0,79,,1,1,generation-i
74,geodude,1,,31,3,4,4.0,4,255,70.0,0,15.0,0,4,0,0,0,80,,1,1,generation-i
75,graveler,1,74.0,31,3,12,4.0,4,120,70.0,0,15.0,0,4,0,0,0,81,,1,1,generation-i
76,golem,1,75.0,31,3,12,4.0,4,45,70.0,0,15.0,0,4,0,0,0,82,,1,1,generation-i
77,ponyta,1,,32,10,8,3.0,4,190,50.0,0,20.0,0,2,0,0,0,83,,1,1,generation-i
78,rapidash,1,77.0,32,10,8,3.0,4,60,50.0,0,20.0,0,2,0,0,0,84,,1,1,generation-i
79,slowpoke,1,,33,6,8,9.0,4,190,50.0,0,20.0,0,2,0,0,0,85,,1,1,generation-i
80,slowbro,1,79.0,33,6,6,9.0,4,75,50.0,0,20.0,0,2,1,0,0,86,,1,1,generation-i
81,magnemite,1,,34,4,4,6.0,-1,190,50.0,0,20.0,0,2,0,0,0,88,,1,1,generation-i
82,magneton,1,81.0,34,4,11,6.0,-1,60,50.0,0,20.0,0,2,0,0,0,89,,1,1,generation-i
83,farfetchd,1,,35,3,9,3.0,4,45,50.0,0,20.0,0,2,0,0,0,91,,1,1,generation-i
84,doduo,1,,36,3,7,3.0,4,190,70.0,0,20.0,1,2,0,0,0,92,,1,1,generation-i
85,dodrio,1,84.0,36,3,7,3.0,4,45,70.0,0,20.0,1,2,0,0,0,93,,1,1,generation-i
86,seel,1,,37,9,3,7.0,4,190,70.0,0,20.0,0,2,0,0,0,94,,1,1,generation-i
87,dewgong,1,86.0,37,9,3,7.0,4,75,70.0,0,20.0,0,2,0,0,0,95,,1,1,generation-i
88,grimer,1,,38,7,4,8.0,4,190,70.0,0,20.0,0,2,0,0,0,96,,1,1,generation-i
89,muk,1,88.0,38,7,4,8.0,4,75,70.0,0,20.0,0,2,0,0,0,97,,1,1,generation-i
90,shellder,1,,39,7,1,7.0,4,190,50.0,0,20.0,0,1,0,0,0,98,,1,1,generation-i
91,cloyster,1,90.0,39,7,1,7.0,4,60,50.0,0,20.0,0,1,0,0,0,99,,1,1,generation-i
92,gastly,1,,40,7,1,1.0,4,190,50.0,0,20.0,0,4,0,0,0,100,112.0,1,1,generation-i
93,haunter,1,92.0,40,7,4,1.0,4,90,50.0,0,20.0,0,4,0,0,0,101,113.0,1,1,generation-i
94,gengar,1,93.0,40,7,6,1.0,4,45,50.0,0,20.0,0,4,1,0,0,102,114.0,1,1,generation-i
95,onix,1,,41,4,2,1.0,4,45,50.0,0,25.0,0,2,0,0,0,103,175.0,1,1,generation-i
96,drowzee,1,,42,10,12,3.0,4,190,70.0,0,20.0,0,2,0,0,0,105,,1,1,generation-i
97,hypno,1,96.0,42,10,12,3.0,4,75,70.0,0,20.0,1,2,0,0,0,106,,1,1,generation-i
98,krabby,1,,43,8,14,9.0,4,225,50.0,0,20.0,0,2,0,0,0,107,,1,1,generation-i
99,kingler,1,98.0,43,8,14,9.0,4,60,50.0,0,20.0,0,2,0,0,0,108,,1,1,generation-i
100,voltorb,1,,44,8,1,8.0,-1,190,70.0,0,20.0,0,2,0,0,0,109,,1,1,generation-i
101,electrode,1,100.0,44,8,1,8.0,-1,60,70.0,0,20.0,0,2,0,0,0,110,,1,1,generation-i
102,exeggcute,1,,45,6,11,2.0,4,90,50.0,0,20.0,0,1,0,0,0,111,,1,1,generation-i
103,exeggutor,1,102.0,45,10,7,2.0,4,45,50.0,0,20.0,0,1,0,0,0,112,,1,1,generation-i
104,cubone,1,,46,3,6,4.0,4,190,50.0,0,20.0,0,2,0,0,0,113,,1,1,generation-i
105,marowak,1,104.0,46,3,6,4.0,4,75,50.0,0,20.0,0,2,0,0,0,114,,1,1,generation-i
106,hitmonlee,1,236.0,47,3,12,8.0,0,45,50.0,0,25.0,0,2,0,0,0,116,,1,1,generation-i
107,hitmonchan,1,236.0,47,3,12,8.0,0,45,50.0,0,25.0,0,2,0,0,0,117,,1,1,generation-i
108,lickitung,1,,48,6,6,3.0,4,45,50.0,0,20.0,0,2,0,0,0,119,,1,1,generation-i
109,koffing,1,,49,7,1,8.0,4,190,50.0,0,20.0,0,2,0,0,0,121,,1,1,generation-i
110,weezing,1,109.0,49,7,11,8.0,4,60,50.0,0,20.0,0,2,0,0,0,122,,1,1,generation-i
111,rhyhorn,1,,50,4,8,6.0,4,120,50.0,0,20.0,1,1,0,0,0,123,160.0,1,1,generation-i
112,rhydon,1,111.0,50,4,6,6.0,4,60,50.0,0,20.0,1,1,0,0,0,124,161.0,1,1,generation-i
113,chansey,1,440.0,51,6,6,8.0,8,30,140.0,0,40.0,0,3,0,0,0,127,,1,1,generation-i
114,tangela,1,,52,2,7,3.0,4,45,50.0,0,20.0,0,2,0,0,0,129,,1,1,generation-i
115,kangaskhan,1,,53,3,6,3.0,8,45,50.0,0,20.0,0,2,1,0,0,131,,1,1,generation-i
116,horsea,1,,54,2,5,7.0,4,225,50.0,0,20.0,0,2,0,0,0,132,,1,1,generation-i
117,seadra,1,116.0,54,2,5,7.0,4,75,50.0,0,20.0,0,2,0,0,0,133,,1,1,generation-i
118,goldeen,1,,55,8,3,9.0,4,225,50.0,0,20.0,1,2,0,0,0,135,,1,1,generation-i
119,seaking,1,118.0,55,8,3,9.0,4,60,50.0,0,20.0,1,2,0,0,0,136,,1,1,generation-i
120,staryu,1,,56,3,5,7.0,-1,225,50.0,0,20.0,0,1,0,0,0,137,,1,1,generation-i
121,starmie,1,120.0,56,7,5,7.0,-1,60,50.0,0,20.0,0,1,0,0,0,138,,1,1,generation-i
122,mr-mime,1,439.0,57,6,12,8.0,4,45,50.0,0,25.0,0,2,0,0,0,140,,1,1,generation-i
123,scyther,1,,58,5,13,3.0,4,45,50.0,0,25.0,1,2,0,0,0,141,188.0,1,1,generation-i
124,jynx,1,238.0,59,8,12,8.0,8,45,50.0,0,25.0,0,2,0,0,0,144,,1,1,generation-i
125,electabuzz,1,239.0,60,10,6,3.0,2,45,50.0,0,25.0,0,2,0,0,0,146,,1,1,generation-i
126,magmar,1,240.0,61,8,6,4.0,2,45,50.0,0,25.0,0,2,0,0,0,149,,1,1,generation-i
127,pinsir,1,,62,3,12,2.0,4,45,50.0,0,25.0,0,1,1,0,0,151,,1,1,generation-i
128,tauros,1,,63,3,8,3.0,0,45,50.0,0,20.0,0,1,0,0,0,152,,1,1,generation-i
129,magikarp,1,,64,8,3,9.0,4,255,50.0,0,5.0,1,1,0,0,0,153,13.0,1,1,generation-i
130,gyarados,1,129.0,64,2,2,9.0,4,45,50.0,0,5.0,1,1,1,0,0,154,14.0,1,1,generation-i
131,lapras,1,,65,2,3,7.0,4,45,50.0,0,40.0,0,1,0,0,0,155,190.0,1,1,generation-i
132,ditto,1,,66,7,1,8.0,-1,35,50.0,0,20.0,0,2,0,0,0,156,,1,1,generation-i
133,eevee,1,,67,3,8,8.0,1,45,50.0,0,35.0,1,2,0,0,0,157,1.0,1,1,generation-i
134,vaporeon,1,133.0,67,2,8,8.0,1,45,50.0,0,35.0,0,2,0,0,0,158,2.0,1,1,generation-i
135,jolteon,1,133.0,67,10,8,8.0,1,45,50.0,0,35.0,0,2,0,0,0,159,3.0,1,1,generation-i
136,flareon,1,133.0,67,8,8,8.0,1,45,50.0,0,35.0,0,2,0,0,0,160,4.0,1,1,generation-i
137,porygon,1,,68,6,7,8.0,-1,45,50.0,0,20.0,0,2,0,0,0,166,,1,1,generation-i
138,omanyte,1,,69,2,10,7.0,1,45,50.0,0,30.0,0,2,0,0,0,169,,1,1,generation-i
139,omastar,1,138.0,69,2,10,7.0,1,45,50.0,0,30.0,0,2,0,0,0,170,,1,1,generation-i
140,kabuto,1,,70,3,14,7.0,1,45,50.0,0,30.0,0,2,0,0,0,171,,1,1,generation-i
141,kabutops,1,140.0,70,3,6,7.0,1,45,50.0,0,30.0,0,2,0,0,0,172,,1,1,generation-i
142,aerodactyl,1,,71,7,9,4.0,1,45,50.0,0,35.0,0,1,1,0,0,173,,1,1,generation-i
143,snorlax,1,446.0,72,1,12,4.0,1,25,50.0,0,40.0,0,1,0,0,0,175,179.0,1,1,generation-i
144,articuno,1,,73,2,9,5.0,-1,3,35.0,0,80.0,0,1,0,1,0,176,192.0,1,1,generation-i
145,zapdos,1,,74,10,9,5.0,-1,3,35.0,0,80.0,0,1,0,1,0,177,,1,1,generation-i
146,moltres,1,,75,10,9,5.0,-1,3,35.0,0,80.0,0,1,0,1,0,178,,1,1,generation-i
147,dratini,1,,76,2,2,9.0,4,45,35.0,0,40.0,0,1,0,0,0,179,76.0,1,1,generation-i
148,dragonair,1,147.0,76,2,2,9.0,4,45,35.0,0,40.0,0,1,0,0,0,180,77.0,1,1,generation-i
149,dragonite,1,148.0,76,3,6,9.0,4,45,35.0,0,40.0,0,1,0,0,0,181,78.0,1,1,generation-i
150,mewtwo,1,,77,7,6,5.0,-1,3,0.0,0,120.0,0,1,1,1,0,182,196.0,1,1,generation-i
151,mew,1,,78,6,6,5.0,-1,45,100.0,0,120.0,0,4,0,0,1,183,,1,1,generation-i
152,chikorita,2,,79,5,8,3.0,1,45,70.0,0,20.0,0,4,0,0,0,184,,2,2,generation-ii
153,bayleef,2,152.0,79,5,8,3.0,1,45,70.0,0,20.0,0,4,0,0,0,185,,2,2,generation-ii
154,meganium,2,153.0,79,5,8,3.0,1,45,70.0,0,20.0,1,4,0,0,0,186,,2,2,generation-ii
155,cyndaquil,2,,80,10,12,3.0,1,45,70.0,0,20.0,0,4,0,0,0,187,,2,2,generation-ii
156,quilava,2,155.0,80,10,8,3.0,1,45,70.0,0,20.0,0,4,0,0,0,188,,2,2,generation-ii
157,typhlosion,2,156.0,80,10,8,3.0,1,45,70.0,0,20.0,0,4,0,0,0,189,,2,2,generation-ii
158,totodile,2,,81,2,6,9.0,1,45,70.0,0,20.0,0,4,0,0,0,190,,2,2,generation-ii
159,croconaw,2,158.0,81,2,6,9.0,1,45,70.0,0,20.0,0,4,0,0,0,191,,2,2,generation-ii
160,feraligatr,2,159.0,81,2,6,9.0,1,45,70.0,0,20.0,0,4,0,0,0,192,,2,2,generation-ii
161,sentret,2,,82,3,8,3.0,4,255,70.0,0,15.0,0,2,0,0,0,193,,2,2,generation-ii
162,furret,2,161.0,82,3,8,3.0,4,90,70.0,0,15.0,0,2,0,0,0,194,,2,2,generation-ii
163,hoothoot,2,,83,3,9,2.0,4,255,50.0,0,15.0,0,2,0,0,0,195,,2,2,generation-ii
164,noctowl,2,163.0,83,3,9,2.0,4,90,50.0,0,15.0,0,2,0,0,0,196,,2,2,generation-ii
165,ledyba,2,,84,8,9,2.0,4,255,70.0,0,15.0,1,3,0,0,0,197,,2,2,generation-ii
166,ledian,2,165.0,84,8,9,2.0,4,90,70.0,0,15.0,1,3,0,0,0,198,,2,2,generation-ii
167,spinarak,2,,85,5,14,2.0,4,255,70.0,0,15.0,0,3,0,0,0,199,,2,2,generation-ii
168,ariados,2,167.0,85,8,14,2.0,4,90,70.0,0,15.0,0,3,0,0,0,200,,2,2,generation-ii
169,crobat,2,42.0,17,7,13,1.0,4,90,50.0,0,15.0,0,2,0,0,0,46,25.0,2,2,generation-ii
170,chinchou,2,,86,2,3,7.0,4,190,50.0,0,20.0,0,1,0,0,0,201,,2,2,generation-ii
171,lanturn,2,170.0,86,2,3,7.0,4,75,50.0,0,20.0,0,1,0,0,0,202,,2,2,generation-ii
172,pichu,2,,10,10,8,2.0,4,190,50.0,1,10.0,0,2,0,0,0,25,15.0,2,2,generation-ii
173,cleffa,2,,14,6,6,4.0,6,150,140.0,1,10.0,0,3,0,0,0,36,,2,2,generation-ii
174,igglybuff,2,,16,6,12,3.0,6,170,50.0,1,10.0,0,3,0,0,0,41,20.0,2,2,generation-ii
175,togepi,2,,87,9,12,2.0,1,190,50.0,1,10.0,0,3,0,0,0,203,,2,2,generation-ii
176,togetic,2,175.0,87,9,12,2.0,1,75,50.0,0,10.0,0,3,0,0,0,204,,2,2,generation-ii
177,natu,2,,88,5,9,2.0,4,190,50.0,0,20.0,0,2,0,0,0,206,,2,2,generation-ii
178,xatu,2,177.0,88,5,9,2.0,4,75,50.0,0,20.0,1,2,0,0,0,207,,2,2,generation-ii
179,mareep,2,,89,9,8,3.0,4,235,70.0,0,20.0,0,4,0,0,0,208,45.0,2,2,generation-ii
180,flaaffy,2,179.0,89,6,6,3.0,4,120,70.0,0,20.0,0,4,0,0,0,209,46.0,2,2,generation-ii
181,ampharos,2,180.0,89,10,6,3.0,4,45,70.0,0,20.0,0,4,1,0,0,210,47.0,2,2,generation-ii
182,bellossom,2,44.0,18,5,12,3.0,4,45,50.0,0,20.0,0,4,0,0,0,50,,2,2,generation-ii
183,marill,2,298.0,90,2,6,9.0,4,190,50.0,0,10.0,0,3,0,0,0,212,,2,2,generation-ii
184,azumarill,2,183.0,90,2,6,9.0,4,75,50.0,0,10.0,0,3,0,0,0,213,,2,2,generation-ii
185,sudowoodo,2,438.0,91,3,12,2.0,4,65,50.0,0,20.0,1,2,0,0,0,215,,2,2,generation-ii
186,politoed,2,61.0,26,5,12,9.0,4,45,50.0,0,20.0,1,4,0,0,0,68,,2,2,generation-ii
187,hoppip,2,,92,6,6,3.0,4,255,70.0,0,20.0,0,4,0,0,0,216,,2,2,generation-ii
188,skiploom,2,187.0,92,5,6,3.0,4,120,70.0,0,20.0,0,4,0,0,0,217,,2,2,generation-ii
189,jumpluff,2,188.0,92,2,6,3.0,4,45,70.0,0,20.0,0,4,0,0,0,218,,2,2,generation-ii
190,aipom,2,,93,7,6,2.0,4,45,70.0,0,20.0,1,3,0,0,0,219,,2,2,generation-ii
191,sunkern,2,,94,10,1,3.0,4,235,70.0,0,20.0,0,4,0,0,0,221,,2,2,generation-ii
192,sunflora,2,191.0,94,10,12,3.0,4,120,70.0,0,20.0,0,4,0,0,0,222,,2,2,generation-ii
193,yanma,2,,95,8,13,2.0,4,75,70.0,0,20.0,0,2,0,0,0,223,,2,2,generation-ii
194,wooper,2,,96,2,7,9.0,4,255,50.0,0,20.0,1,2,0,0,0,225,18.0,2,2,generation-ii
195,quagsire,2,194.0,96,2,6,9.0,4,90,50.0,0,20.0,1,2,0,0,0,226,19.0,2,2,generation-ii
196,espeon,2,133.0,67,7,8,8.0,1,45,50.0,0,35.0,0,2,0,0,0,161,5.0,2,2,generation-ii
197,umbreon,2,133.0,67,1,8,8.0,1,45,35.0,0,35.0,0,2,0,0,0,162,6.0,2,2,generation-ii
198,murkrow,2,,97,1,9,2.0,4,30,35.0,0,20.0,1,4,0,0,0,227,,2,2,generation-ii
199,slowking,2,79.0,33,6,6,9.0,4,70,50.0,0,20.0,0,2,0,0,0,87,,2,2,generation-ii
200,misdreavus,2,,98,4,1,1.0,4,45,35.0,0,25.0,0,3,0,0,0,229,183.0,2,2,generation-ii
201,unown,2,,99,1,1,5.0,-1,225,70.0,0,40.0,0,2,0,0,0,231,,2,2,generation-ii
202,wobbuffet,2,360.0,100,2,5,1.0,4,45,50.0,0,20.0,1,2,0,0,0,233,,2,2,generation-ii
203,girafarig,2,,101,10,8,3.0,4,60,70.0,0,20.0,1,2,0,0,0,234,,2,2,generation-ii
204,pineco,2,,102,4,1,2.0,4,190,70.0,0,20.0,0,2,0,0,0,235,56.0,2,2,generation-ii
205,forretress,2,204.0,102,7,1,2.0,4,75,70.0,0,20.0,0,2,0,0,0,236,57.0,2,2,generation-ii
206,dunsparce,2,,103,10,2,1.0,4,190,50.0,0,20.0,0,2,0,0,0,237,,2,2,generation-ii
207,gligar,2,,104,7,9,4.0,4,60,70.0,0,20.0,1,4,0,0,0,238,,2,2,generation-ii
208,steelix,2,95.0,41,4,2,1.0,4,25,50.0,0,25.0,1,2,1,0,0,104,176.0,2,2,generation-ii
209,snubbull,2,,105,6,12,8.0,6,190,70.0,0,20.0,0,3,0,0,0,240,,2,2,generation-ii
210,granbull,2,209.0,105,7,6,8.0,6,75,70.0,0,20.0,0,3,0,0,0,241,,2,2,generation-ii
211,qwilfish,2,,106,4,3,7.0,4,45,50.0,0,20.0,0,2,0,0,0,242,,2,2,generation-ii
212,scizor,2,123.0,58,8,13,3.0,4,25,50.0,0,25.0,1,2,1,0,0,142,189.0,2,2,generation-ii
213,shuckle,2,,107,10,14,4.0,4,190,50.0,0,20.0,0,4,0,0,0,243,,2,2,generation-ii
214,heracross,2,,108,2,12,2.0,4,45,50.0,0,25.0,1,1,1,0,0,244,,2,2,generation-ii
215,sneasel,2,,109,1,6,2.0,4,60,35.0,0,20.0,1,4,0,0,0,245,181.0,2,2,generation-ii
216,teddiursa,2,,110,3,6,4.0,4,120,70.0,0,20.0,0,2,0,0,0,247,,2,2,generation-ii
217,ursaring,2,216.0,110,3,6,4.0,4,60,70.0,0,20.0,1,2,0,0,0,248,,2,2,generation-ii
218,slugma,2,,111,8,2,4.0,4,190,70.0,0,20.0,0,2,0,0,0,249,,2,2,generation-ii
219,magcargo,2,218.0,111,8,2,4.0,4,75,70.0,0,20.0,0,2,0,0,0,250,,2,2,generation-ii
220,swinub,2,,112,3,8,1.0,4,225,50.0,0,20.0,0,1,0,0,0,251,,2,2,generation-ii
221,piloswine,2,220.0,112,3,8,1.0,4,75,50.0,0,20.0,1,1,0,0,0,252,,2,2,generation-ii
222,corsola,2,,113,6,14,7.0,6,60,50.0,0,20.0,0,3,0,0,0,254,,2,2,generation-ii
223,remoraid,2,,114,4,3,7.0,4,190,50.0,0,20.0,0,2,0,0,0,255,,2,2,generation-ii
224,octillery,2,223.0,114,8,10,7.0,4,75,50.0,0,20.0,1,2,0,0,0,256,,2,2,generation-ii
225,delibird,2,,115,8,9,4.0,4,45,50.0,0,20.0,0,3,0,0,0,257,,2,2,generation-ii
226,mantine,2,458.0,116,7,9,7.0,4,25,50.0,0,25.0,0,1,0,0,0,259,,2,2,generation-ii
227,skarmory,2,,117,4,9,6.0,4,25,50.0,0,25.0,0,1,0,0,0,260,,2,2,generation-ii
228,houndour,2,,118,1,8,6.0,4,120,35.0,0,20.0,0,1,0,0,0,261,,2,2,generation-ii
229,houndoom,2,228.0,118,1,8,6.0,4,45,35.0,0,20.0,1,1,1,0,0,262,,2,2,generation-ii
230,kingdra,2,117.0,54,2,5,7.0,4,45,50.0,0,20.0,0,2,0,0,0,134,,2,2,generation-ii
231,phanpy,2,,119,2,8,6.0,4,120,70.0,0,20.0,0,2,0,0,0,263,,2,2,generation-ii
232,donphan,2,231.0,119,4,8,6.0,4,60,70.0,0,20.0,1,2,0,0,0,264,,2,2,generation-ii
233,porygon2,2,137.0,68,8,7,8.0,-1,45,50.0,0,20.0,0,2,0,0,0,167,,2,2,generation-ii
234,stantler,2,,120,3,8,2.0,4,45,70.0,0,20.0,0,1,0,0,0,265,,2,2,generation-ii
235,smeargle,2,,121,9,6,8.0,4,45,70.0,0,20.0,0,3,0,0,0,266,,2,2,generation-ii
236,tyrogue,2,,47,7,12,8.0,0,75,50.0,1,25.0,0,2,0,0,0,115,,2,2,generation-ii
237,hitmontop,2,236.0,47,3,6,8.0,0,45,50.0,0,25.0,0,2,0,0,0,118,,2,2,generation-ii
238,smoochum,2,,59,6,12,8.0,8,45,50.0,1,25.0,0,2,0,0,0,143,,2,2,generation-ii
239,elekid,2,,60,10,12,3.0,2,45,50.0,1,25.0,0,2,0,0,0,145,,2,2,generation-ii
240,magby,2,,61,8,6,4.0,2,45,50.0,1,25.0,0,2,0,0,0,148,,2,2,generation-ii
241,miltank,2,,122,6,6,3.0,8,45,50.0,0,20.0,0,1,0,0,0,267,,2,2,generation-ii
242,blissey,2,113.0,51,6,12,8.0,8,30,140.0,0,40.0,0,3,0,0,0,128,,2,2,generation-ii
243,raikou,2,,123,10,8,3.0,-1,3,35.0,0,80.0,0,1,0,1,0,268,,2,2,generation-ii
244,entei,2,,124,3,8,3.0,-1,3,35.0,0,80.0,0,1,0,1,0,269,,2,2,generation-ii
245,suicune,2,,125,2,8,3.0,-1,3,35.0,0,80.0,0,1,0,1,0,270,,2,2,generation-ii
246,larvitar,2,,126,5,6,4.0,4,45,35.0,0,40.0,0,1,0,0,0,271,79.0,2,2,generation-ii
247,pupitar,2,246.0,126,4,2,4.0,4,45,35.0,0,40.0,0,1,0,0,0,272,80.0,2,2,generation-ii
248,tyranitar,2,247.0,126,5,6,4.0,4,45,35.0,0,40.0,0,1,1,0,0,273,81.0,2,2,generation-ii
249,lugia,2,,127,9,9,5.0,-1,3,0.0,0,120.0,0,1,0,1,0,274,,2,2,generation-ii
250,ho-oh,2,,128,8,9,5.0,-1,3,0.0,0,120.0,0,1,0,1,0,275,,2,2,generation-ii
251,celebi,2,,129,5,12,2.0,-1,45,100.0,0,120.0,0,4,0,0,1,276,,2,2,generation-ii
252,treecko,3,,130,5,6,2.0,1,45,50.0,0,20.0,0,4,0,0,0,277,130.0,3,3,generation-iii
253,grovyle,3,252.0,130,5,6,2.0,1,45,50.0,0,20.0,0,4,0,0,0,278,131.0,3,3,generation-iii
254,sceptile,3,253.0,130,5,6,2.0,1,45,50.0,0,20.0,0,4,1,0,0,279,132.0,3,3,generation-iii
255,torchic,3,,131,8,7,3.0,1,45,50.0,0,20.0,1,4,0,0,0,280,,3,3,generation-iii
256,combusken,3,255.0,131,8,6,3.0,1,45,50.0,0,20.0,1,4,0,0,0,281,,3,3,generation-iii
257,blaziken,3,256.0,131,8,6,3.0,1,45,50.0,0,20.0,1,4,1,0,0,282,,3,3,generation-iii
258,mudkip,3,,132,2,8,9.0,1,45,50.0,0,20.0,0,4,0,0,0,283,,3,3,generation-iii
259,marshtomp,3,258.0,132,2,6,9.0,1,45,50.0,0,20.0,0,4,0,0,0,284,,3,3,generation-iii
260,swampert,3,259.0,132,2,6,9.0,1,45,50.0,0,20.0,0,4,1,0,0,285,,3,3,generation-iii
261,poochyena,3,,133,4,8,3.0,4,255,70.0,0,15.0,0,2,0,0,0,286,,3,3,generation-iii
262,mightyena,3,261.0,133,4,8,3.0,4,127,70.0,0,15.0,0,2,0,0,0,287,,3,3,generation-iii
263,zigzagoon,3,,134,3,8,3.0,4,255,50.0,0,15.0,0,2,0,0,0,288,,3,3,generation-iii
264,linoone,3,263.0,134,9,8,3.0,4,90,50.0,0,15.0,0,2,0,0,0,289,,3,3,generation-iii
265,wurmple,3,,135,8,14,2.0,4,255,70.0,0,15.0,0,2,0,0,0,290,,3,3,generation-iii
266,silcoon,3,265.0,135,9,1,2.0,4,120,70.0,0,15.0,0,2,0,0,0,291,,3,3,generation-iii
267,beautifly,3,266.0,135,10,13,2.0,4,45,70.0,0,15.0,1,2,0,0,0,292,,3,3,generation-iii
268,cascoon,3,265.0,135,7,1,2.0,4,120,70.0,0,15.0,0,2,0,0,0,293,,3,3,generation-iii
269,dustox,3,268.0,135,5,13,2.0,4,45,70.0,0,15.0,1,2,0,0,0,294,,3,3,generation-iii
270,lotad,3,,136,5,14,9.0,4,255,50.0,0,15.0,0,4,0,0,0,295,,3,3,generation-iii
271,lombre,3,270.0,136,5,12,9.0,4,120,50.0,0,15.0,0,4,0,0,0,296,,3,3,generation-iii
272,ludicolo,3,271.0,136,5,12,9.0,4,45,50.0,0,15.0,1,4,0,0,0,297,,3,3,generation-iii
273,seedot,3,,137,3,7,2.0,4,255,50.0,0,15.0,0,4,0,0,0,298,,3,3,generation-iii
274,nuzleaf,3,273.0,137,3,12,2.0,4,120,50.0,0,15.0,1,4,0,0,0,299,,3,3,generation-iii
275,shiftry,3,274.0,137,3,12,2.0,4,45,50.0,0,15.0,1,4,0,0,0,300,,3,3,generation-iii
276,taillow,3,,138,2,9,3.0,4,200,70.0,0,15.0,0,4,0,0,0,301,,3,3,generation-iii
277,swellow,3,276.0,138,2,9,3.0,4,45,70.0,0,15.0,0,4,0,0,0,302,,3,3,generation-iii
278,wingull,3,,139,9,9,7.0,4,190,50.0,0,20.0,0,2,0,0,0,303,,3,3,generation-iii
279,pelipper,3,278.0,139,10,9,7.0,4,45,50.0,0,20.0,0,2,0,0,0,304,,3,3,generation-iii
280,ralts,3,,140,9,12,8.0,4,235,35.0,0,20.0,0,1,0,0,0,305,9.0,3,3,generation-iii
281,kirlia,3,280.0,140,9,12,8.0,4,120,35.0,0,20.0,0,1,0,0,0,306,10.0,3,3,generation-iii
282,gardevoir,3,281.0,140,9,12,8.0,4,45,35.0,0,20.0,0,1,1,0,0,307,11.0,3,3,generation-iii
283,surskit,3,,141,2,14,9.0,4,200,70.0,0,15.0,0,2,0,0,0,309,,3,3,generation-iii
284,masquerain,3,283.0,141,2,13,9.0,4,75,70.0,0,15.0,0,2,0,0,0,310,,3,3,generation-iii
285,shroomish,3,,142,3,7,2.0,4,255,70.0,0,15.0,0,6,0,0,0,311,,3,3,generation-iii
286,breloom,3,285.0,142,5,6,2.0,4,90,70.0,0,15.0,0,6,0,0,0,312,,3,3,generation-iii
287,slakoth,3,,143,3,8,2.0,4,255,70.0,0,15.0,0,1,0,0,0,313,,3,3,generation-iii
288,vigoroth,3,287.0,143,9,6,2.0,4,120,70.0,0,15.0,0,1,0,0,0,314,,3,3,generation-iii
289,slaking,3,288.0,143,3,12,2.0,4,45,70.0,0,15.0,0,1,0,0,0,315,,3,3,generation-iii
290,nincada,3,,144,4,14,2.0,4,255,50.0,0,15.0,0,5,0,0,0,316,,3,3,generation-iii
291,ninjask,3,290.0,144,10,13,2.0,4,120,50.0,0,15.0,0,5,0,0,0,317,,3,3,generation-iii
292,shedinja,3,290.0,144,3,5,2.0,-1,45,50.0,0,15.0,0,5,0,0,0,318,,3,3,generation-iii
293,whismur,3,,145,6,6,1.0,4,190,50.0,0,20.0,0,4,0,0,0,319,,3,3,generation-iii
294,loudred,3,293.0,145,2,6,1.0,4,120,50.0,0,20.0,0,4,0,0,0,320,,3,3,generation-iii
295,exploud,3,294.0,145,2,6,1.0,4,45,50.0,0,20.0,0,4,0,0,0,321,,3,3,generation-iii
296,makuhita,3,,146,10,12,4.0,2,180,70.0,0,20.0,0,6,0,0,0,322,,3,3,generation-iii
297,hariyama,3,296.0,146,3,12,4.0,2,200,70.0,0,20.0,0,6,0,0,0,323,,3,3,generation-iii
298,azurill,3,,90,2,7,9.0,6,150,50.0,1,10.0,0,3,0,0,0,211,,3,3,generation-iii
299,nosepass,3,,147,4,12,1.0,4,255,70.0,0,20.0,0,2,0,0,0,324,,3,3,generation-iii
300,skitty,3,,148,6,8,2.0,6,255,70.0,0,15.0,0,3,0,0,0,326,,3,3,generation-iii
301,delcatty,3,300.0,148,7,8,2.0,6,60,70.0,0,15.0,0,3,0,0,0,327,,3,3,generation-iii
302,sableye,3,,149,7,12,1.0,4,45,35.0,0,25.0,0,4,1,0,0,328,,3,3,generation-iii
303,mawile,3,,150,1,12,1.0,4,45,50.0,0,20.0,0,3,1,0,0,329,,3,3,generation-iii
304,aron,3,,151,4,8,4.0,4,180,35.0,0,35.0,0,1,0,0,0,330,149.0,3,3,generation-iii
305,lairon,3,304.0,151,4,8,4.0,4,90,35.0,0,35.0,0,1,0,0,0,331,150.0,3,3,generation-iii
306,aggron,3,305.0,151,4,6,4.0,4,45,35.0,0,35.0,0,1,1,0,0,332,151.0,3,3,generation-iii
307,meditite,3,,152,2,12,4.0,4,180,70.0,0,20.0,1,2,0,0,0,333,,3,3,generation-iii
308,medicham,3,307.0,152,8,12,4.0,4,90,70.0,0,20.0,1,2,1,0,0,334,,3,3,generation-iii
309,electrike,3,,153,5,8,3.0,4,120,50.0,0,20.0,0,1,0,0,0,335,,3,3,generation-iii
310,manectric,3,309.0,153,10,8,3.0,4,45,50.0,0,20.0,0,1,1,0,0,336,,3,3,generation-iii
311,plusle,3,,154,10,6,3.0,4,200,70.0,0,20.0,0,2,0,0,0,337,,3,3,generation-iii
312,minun,3,,155,10,6,3.0,4,200,70.0,0,20.0,0,2,0,0,0,338,,3,3,generation-iii
313,volbeat,3,,156,4,6,2.0,0,150,70.0,0,15.0,0,5,0,0,0,339,,3,3,generation-iii
314,illumise,3,,157,7,12,2.0,8,150,70.0,0,15.0,0,6,0,0,0,340,,3,3,generation-iii
315,roselia,3,406.0,158,5,12,3.0,4,150,50.0,0,20.0,1,4,0,0,0,342,,3,3,generation-iii
316,gulpin,3,,159,5,4,3.0,4,225,70.0,0,20.0,1,6,0,0,0,344,,3,3,generation-iii
317,swalot,3,316.0,159,7,4,3.0,4,75,70.0,0,20.0,1,6,0,0,0,345,,3,3,generation-iii
318,carvanha,3,,160,8,3,7.0,4,225,35.0,0,20.0,0,1,0,0,0,346,,3,3,generation-iii
319,sharpedo,3,318.0,160,2,3,7.0,4,60,35.0,0,20.0,0,1,1,0,0,347,,3,3,generation-iii
320,wailmer,3,,161,2,3,7.0,4,125,50.0,0,40.0,0,6,0,0,0,348,,3,3,generation-iii
321,wailord,3,320.0,161,2,3,7.0,4,60,50.0,0,40.0,0,6,0,0,0,349,,3,3,generation-iii
322,numel,3,,162,10,8,4.0,4,255,70.0,0,20.0,1,2,0,0,0,350,,3,3,generation-iii
323,camerupt,3,322.0,162,8,8,4.0,4,150,70.0,0,20.0,1,2,1,0,0,351,,3,3,generation-iii
324,torkoal,3,,163,3,8,4.0,4,90,50.0,0,20.0,0,2,0,0,0,352,,3,3,generation-iii
325,spoink,3,,164,1,4,4.0,4,255,70.0,0,20.0,0,3,0,0,0,353,,3,3,generation-iii
326,grumpig,3,325.0,164,7,6,4.0,4,60,70.0,0,20.0,0,3,0,0,0,354,,3,3,generation-iii
327,spinda,3,,165,3,6,4.0,4,255,70.0,0,15.0,0,3,0,0,0,355,,3,3,generation-iii
328,trapinch,3,,166,3,14,6.0,4,255,50.0,0,20.0,0,4,0,0,0,356,,3,3,generation-iii
329,vibrava,3,328.0,166,5,13,6.0,4,120,50.0,0,20.0,0,4,0,0,0,357,,3,3,generation-iii
330,flygon,3,329.0,166,5,9,6.0,4,45,50.0,0,20.0,0,4,0,0,0,358,,3,3,generation-iii
331,cacnea,3,,167,5,12,6.0,4,190,35.0,0,20.0,0,4,0,0,0,359,,3,3,generation-iii
332,cacturne,3,331.0,167,5,12,6.0,4,60,35.0,0,20.0,1,4,0,0,0,360,,3,3,generation-iii
333,swablu,3,,168,2,9,2.0,4,255,50.0,0,20.0,0,5,0,0,0,361,,3,3,generation-iii
334,altaria,3,333.0,168,2,9,2.0,4,45,50.0,0,20.0,0,5,1,0,0,362,,3,3,generation-iii
335,zangoose,3,,169,9,6,3.0,4,90,70.0,0,20.0,0,5,0,0,0,363,,3,3,generation-iii
336,seviper,3,,170,1,2,3.0,4,90,70.0,0,20.0,0,6,0,0,0,364,,3,3,generation-iii
337,lunatone,3,,171,10,1,1.0,-1,45,50.0,0,25.0,0,3,0,0,0,365,,3,3,generation-iii
338,solrock,3,,172,8,1,1.0,-1,45,50.0,0,25.0,0,3,0,0,0,366,,3,3,generation-iii
339,barboach,3,,173,4,3,9.0,4,190,50.0,0,20.0,0,2,0,0,0,367,,3,3,generation-iii
340,whiscash,3,339.0,173,2,3,9.0,4,75,50.0,0,20.0,0,2,0,0,0,368,,3,3,generation-iii
341,corphish,3,,174,8,14,9.0,4,205,50.0,0,15.0,0,6,0,0,0,369,,3,3,generation-iii
342,crawdaunt,3,341.0,174,8,14,9.0,4,155,50.0,0,15.0,0,6,0,0,0,370,,3,3,generation-iii
343,baltoy,3,,175,3,4,6.0,-1,255,50.0,0,20.0,0,2,0,0,0,371,,3,3,generation-iii
344,claydol,3,343.0,175,1,4,6.0,-1,90,50.0,0,20.0,0,2,0,0,0,372,,3,3,generation-iii
345,lileep,3,,176,7,5,7.0,1,45,50.0,0,30.0,0,5,0,0,0,373,,3,3,generation-iii
346,cradily,3,345.0,176,5,5,7.0,1,45,50.0,0,30.0,0,5,0,0,0,374,,3,3,generation-iii
347,anorith,3,,177,4,14,9.0,1,45,50.0,0,30.0,0,5,0,0,0,375,171.0,3,3,generation-iii
348,armaldo,3,347.0,177,4,6,9.0,1,45,50.0,0,30.0,0,5,0,0,0,376,172.0,3,3,generation-iii
349,feebas,3,,178,3,3,9.0,4,255,50.0,0,20.0,0,5,0,0,0,377,,3,3,generation-iii
350,milotic,3,349.0,178,6,2,9.0,4,60,50.0,0,20.0,1,5,0,0,0,378,,3,3,generation-iii
351,castform,3,,179,4,1,3.0,4,45,70.0,0,25.0,0,2,1,0,0,379,,3,3,generation-iii
352,kecleon,3,,180,5,6,2.0,4,200,70.0,0,20.0,0,4,0,0,0,380,,3,3,generation-iii
353,shuppet,3,,181,1,1,8.0,4,225,35.0,0,25.0,0,3,0,0,0,381,,3,3,generation-iii
354,banette,3,353.0,181,1,6,8.0,4,45,35.0,0,25.0,0,3,1,0,0,382,,3,3,generation-iii
355,duskull,3,,182,1,4,2.0,4,190,35.0,0,25.0,0,3,0,0,0,383,69.0,3,3,generation-iii
356,dusclops,3,355.0,182,1,12,2.0,4,90,35.0,0,25.0,0,3,0,0,0,384,70.0,3,3,generation-iii
357,tropius,3,,183,5,8,2.0,4,200,70.0,0,25.0,0,1,0,0,0,386,,3,3,generation-iii
358,chimecho,3,433.0,184,2,4,3.0,4,45,70.0,0,25.0,0,3,0,0,0,388,53.0,3,3,generation-iii
359,absol,3,,185,9,8,4.0,4,30,35.0,0,25.0,0,4,1,0,0,389,,3,3,generation-iii
360,wynaut,3,,100,2,6,1.0,4,125,50.0,1,20.0,0,2,0,0,0,232,,3,3,generation-iii
361,snorunt,3,,186,4,12,1.0,4,190,50.0,0,20.0,0,2,0,0,0,390,93.0,3,3,generation-iii
362,glalie,3,361.0,186,4,1,1.0,4,75,50.0,0,20.0,0,2,1,0,0,391,94.0,3,3,generation-iii
363,spheal,3,,187,2,3,7.0,4,255,50.0,0,20.0,0,4,0,0,0,393,60.0,3,3,generation-iii
364,sealeo,3,363.0,187,2,3,7.0,4,120,50.0,0,20.0,0,4,0,0,0,394,61.0,3,3,generation-iii
365,walrein,3,364.0,187,2,8,7.0,4,45,50.0,0,20.0,0,4,0,0,0,395,62.0,3,3,generation-iii
366,clamperl,3,,188,2,1,7.0,4,255,70.0,0,20.0,0,5,0,0,0,396,,3,3,generation-iii
367,huntail,3,366.0,188,2,2,7.0,4,60,70.0,0,20.0,0,5,0,0,0,397,,3,3,generation-iii
368,gorebyss,3,366.0,188,6,2,7.0,4,60,70.0,0,20.0,0,5,0,0,0,398,,3,3,generation-iii
369,relicanth,3,,189,4,3,7.0,1,25,50.0,0,40.0,1,1,0,0,0,399,,3,3,generation-iii
370,luvdisc,3,,190,6,3,7.0,6,225,70.0,0,20.0,0,3,0,0,0,400,,3,3,generation-iii
371,bagon,3,,191,2,12,6.0,4,45,35.0,0,40.0,0,1,0,0,0,401,,3,3,generation-iii
372,shelgon,3,371.0,191,9,8,6.0,4,45,35.0,0,40.0,0,1,0,0,0,402,,3,3,generation-iii
373,salamence,3,372.0,191,2,8,6.0,4,45,35.0,0,40.0,0,1,1,0,0,403,,3,3,generation-iii
374,beldum,3,,192,2,5,6.0,-1,3,35.0,0,40.0,0,1,0,0,0,404,82.0,3,3,generation-iii
375,metang,3,374.0,192,2,4,6.0,-1,3,35.0,0,40.0,0,1,0,0,0,405,83.0,3,3,generation-iii
376,metagross,3,375.0,192,2,11,6.0,-1,3,35.0,0,40.0,0,1,1,0,0,406,84.0,3,3,generation-iii
377,regirock,3,,193,3,12,1.0,-1,3,35.0,0,80.0,0,1,0,1,0,407,,3,3,generation-iii
378,regice,3,,194,2,12,1.0,-1,3,35.0,0,80.0,0,1,0,1,0,408,,3,3,generation-iii
379,registeel,3,,195,4,12,1.0,-1,3,35.0,0,80.0,0,1,0,1,0,409,193.0,3,3,generation-iii
380,latias,3,,196,8,9,9.0,8,3,90.0,0,120.0,0,1,1,1,0,410,,3,3,generation-iii
381,latios,3,,197,2,9,9.0,0,3,90.0,0,120.0,0,1,1,1,0,411,,3,3,generation-iii
382,kyogre,3,,198,2,3,7.0,-1,3,0.0,0,120.0,0,1,1,1,0,412,,3,3,generation-iii
383,groudon,3,,199,8,6,6.0,-1,3,0.0,0,120.0,0,1,1,1,0,413,194.0,3,3,generation-iii
384,rayquaza,3,,200,5,2,5.0,-1,45,0.0,0,120.0,0,1,1,1,0,414,200.0,3,3,generation-iii
385,jirachi,3,,201,10,12,4.0,-1,3,100.0,0,120.0,0,1,0,0,1,415,,3,3,generation-iii
386,deoxys,3,,202,8,12,5.0,-1,3,0.0,0,120.0,0,1,1,0,1,416,,3,3,generation-iii
387,turtwig,4,,203,5,8,,1,45,70.0,0,20.0,0,4,0,0,0,417,,4,4,generation-iv
388,grotle,4,387.0,203,5,8,,1,45,70.0,0,20.0,0,4,0,0,0,418,,4,4,generation-iv
389,torterra,4,388.0,203,5,8,,1,45,70.0,0,20.0,0,4,0,0,0,419,,4,4,generation-iv
390,chimchar,4,,204,3,6,,1,45,70.0,0,20.0,0,4,0,0,0,420,115.0,4,4,generation-iv
391,monferno,4,390.0,204,3,6,,1,45,70.0,0,20.0,0,4,0,0,0,421,116.0,4,4,generation-iv
392,infernape,4,391.0,204,3,6,,1,45,70.0,0,20.0,0,4,0,0,0,422,117.0,4,4,generation-iv
393,piplup,4,,205,2,12,,1,45,70.0,0,20.0,0,4,0,0,0,423,133.0,4,4,generation-iv
394,prinplup,4,393.0,205,2,6,,1,45,70.0,0,20.0,0,4,0,0,0,424,134.0,4,4,generation-iv
395,empoleon,4,394.0,205,2,6,,1,45,70.0,0,20.0,0,4,0,0,0,425,135.0,4,4,generation-iv
396,starly,4,,206,3,9,,4,255,70.0,0,15.0,1,4,0,0,0,426,26.0,4,4,generation-iv
397,staravia,4,396.0,206,3,9,,4,120,70.0,0,15.0,1,4,0,0,0,427,27.0,4,4,generation-iv
398,staraptor,4,397.0,206,3,9,,4,45,70.0,0,15.0,1,4,0,0,0,428,28.0,4,4,generation-iv
399,bidoof,4,,207,3,8,,4,255,70.0,0,15.0,1,2,0,0,0,429,29.0,4,4,generation-iv
400,bibarel,4,399.0,207,3,6,,4,127,70.0,0,15.0,1,2,0,0,0,430,30.0,4,4,generation-iv
401,kricketot,4,,208,8,12,,4,255,70.0,0,15.0,1,4,0,0,0,431,,4,4,generation-iv
402,kricketune,4,401.0,208,8,13,,4,45,70.0,0,15.0,1,4,0,0,0,432,,4,4,generation-iv
403,shinx,4,,209,2,8,,4,235,50.0,0,20.0,1,4,0,0,0,433,34.0,4,4,generation-iv
404,luxio,4,403.0,209,2,8,,4,120,100.0,0,20.0,1,4,0,0,0,434,35.0,4,4,generation-iv
405,luxray,4,404.0,209,2,8,,4,45,50.0,0,20.0,1,4,0,0,0,435,36.0,4,4,generation-iv
406,budew,4,,158,5,12,,4,255,50.0,1,20.0,0,4,0,0,0,341,,4,4,generation-iv
407,roserade,4,315.0,158,5,12,,4,75,50.0,0,20.0,1,4,0,0,0,343,,4,4,generation-iv
408,cranidos,4,,211,2,6,,1,45,70.0,0,30.0,0,5,0,0,0,436,,4,4,generation-iv
409,rampardos,4,408.0,211,2,6,,1,45,70.0,0,30.0,0,5,0,0,0,437,,4,4,generation-iv
410,shieldon,4,,212,4,8,,1,45,70.0,0,30.0,0,5,0,0,0,438,163.0,4,4,generation-iv
411,bastiodon,4,410.0,212,4,8,,1,45,70.0,0,30.0,0,5,0,0,0,439,164.0,4,4,generation-iv
412,burmy,4,,213,5,5,,4,120,70.0,0,15.0,0,2,1,0,0,440,,4,4,generation-iv
413,wormadam,4,412.0,213,5,5,,8,45,70.0,0,15.0,0,2,0,0,0,441,,4,4,generation-iv
414,mothim,4,412.0,213,10,13,,0,45,70.0,0,15.0,0,2,0,0,0,442,,4,4,generation-iv
415,combee,4,,214,10,11,,1,120,50.0,0,15.0,1,4,0,0,0,443,,4,4,generation-iv
416,vespiquen,4,415.0,214,10,13,,8,45,50.0,0,15.0,0,4,0,0,0,444,,4,4,generation-iv
417,pachirisu,4,,215,9,8,,4,200,100.0,0,10.0,1,2,0,0,0,445,,4,4,generation-iv
418,buizel,4,,216,3,8,,4,190,70.0,0,20.0,1,2,0,0,0,446,,4,4,generation-iv
419,floatzel,4,418.0,216,3,8,,4,75,70.0,0,20.0,1,2,0,0,0,447,,4,4,generation-iv
420,cherubi,4,,217,6,11,,4,190,50.0,0,20.0,0,2,0,0,0,448,,4,4,generation-iv
421,cherrim,4,420.0,217,7,7,,4,75,50.0,0,20.0,0,2,1,0,0,449,,4,4,generation-iv
422,shellos,4,,218,7,2,,4,190,50.0,0,20.0,0,2,0,0,0,450,,4,4,generation-iv
423,gastrodon,4,422.0,218,7,2,,4,75,50.0,0,20.0,0,2,0,0,0,451,,4,4,generation-iv
424,ambipom,4,190.0,93,7,6,,4,45,100.0,0,20.0,1,3,0,0,0,220,,4,4,generation-iv
425,drifloon,4,,219,7,4,,4,125,50.0,0,30.0,0,6,0,0,0,452,167.0,4,4,generation-iv
426,drifblim,4,425.0,219,7,4,,4,60,50.0,0,30.0,0,6,0,0,0,453,168.0,4,4,generation-iv
427,buneary,4,,220,3,6,,4,190,0.0,0,20.0,0,2,0,0,0,454,,4,4,generation-iv
428,lopunny,4,427.0,220,3,6,,4,60,140.0,0,20.0,0,2,1,0,0,455,,4,4,generation-iv
429,mismagius,4,200.0,98,7,1,,4,45,35.0,0,25.0,0,3,0,0,0,230,184.0,4,4,generation-iv
430,honchkrow,4,198.0,97,1,9,,4,30,35.0,0,20.0,0,4,0,0,0,228,,4,4,generation-iv
431,glameow,4,,221,4,8,,6,190,70.0,0,20.0,0,3,0,0,0,456,,4,4,generation-iv
432,purugly,4,431.0,221,4,8,,6,75,70.0,0,20.0,0,3,0,0,0,457,,4,4,generation-iv
433,chingling,4,,184,10,12,,4,120,70.0,1,25.0,0,3,0,0,0,387,52.0,4,4,generation-iv
434,stunky,4,,223,7,8,,4,225,50.0,0,20.0,0,2,0,0,0,458,,4,4,generation-iv
435,skuntank,4,434.0,223,7,8,,4,60,50.0,0,20.0,0,2,0,0,0,459,,4,4,generation-iv
436,bronzor,4,,224,5,1,,-1,255,50.0,0,20.0,0,2,0,0,0,460,,4,4,generation-iv
437,bronzong,4,436.0,224,5,4,,-1,90,50.0,0,20.0,0,2,0,0,0,461,,4,4,generation-iv
438,bonsly,4,,91,3,7,,4,255,50.0,1,20.0,0,2,0,0,0,214,,4,4,generation-iv
439,mime-jr,4,,57,6,12,,4,145,50.0,1,25.0,0,2,0,0,0,139,,4,4,generation-iv
440,happiny,4,,51,6,12,,8,130,140.0,1,40.0,0,3,0,0,0,126,,4,4,generation-iv
441,chatot,4,,228,1,9,,4,30,35.0,0,20.0,0,4,0,0,0,462,,4,4,generation-iv
442,spiritomb,4,,229,7,5,,4,100,50.0,0,30.0,0,2,0,0,0,463,187.0,4,4,generation-iv
443,gible,4,,230,2,6,,4,45,50.0,0,40.0,1,1,0,0,0,464,85.0,4,4,generation-iv
444,gabite,4,443.0,230,2,6,,4,45,50.0,0,40.0,1,1,0,0,0,465,86.0,4,4,generation-iv
445,garchomp,4,444.0,230,2,6,,4,45,50.0,0,40.0,1,1,1,0,0,466,87.0,4,4,generation-iv
446,munchlax,4,,72,1,12,,1,50,50.0,1,40.0,0,1,0,0,0,174,178.0,4,4,generation-iv
447,riolu,4,,232,2,6,,1,75,50.0,1,25.0,0,4,0,0,0,467,50.0,4,4,generation-iv
448,lucario,4,447.0,232,2,6,,1,45,50.0,0,25.0,0,4,1,0,0,468,51.0,4,4,generation-iv
449,hippopotas,4,,233,3,8,,4,140,50.0,0,30.0,1,1,0,0,0,469,,4,4,generation-iv
450,hippowdon,4,449.0,233,3,8,,4,60,50.0,0,30.0,1,1,0,0,0,470,,4,4,generation-iv
451,skorupi,4,,234,7,14,,4,120,50.0,0,20.0,0,1,0,0,0,471,156.0,4,4,generation-iv
452,drapion,4,451.0,234,7,14,,4,45,50.0,0,20.0,0,1,0,0,0,472,157.0,4,4,generation-iv
453,croagunk,4,,235,2,12,,4,140,100.0,0,10.0,1,2,0,0,0,473,88.0,4,4,generation-iv
454,toxicroak,4,453.0,235,2,12,,4,75,50.0,0,20.0,1,2,0,0,0,474,89.0,4,4,generation-iv
455,carnivine,4,,236,5,10,,4,200,70.0,0,25.0,0,1,0,0,0,475,186.0,4,4,generation-iv
456,finneon,4,,237,2,3,,4,190,70.0,0,20.0,1,5,0,0,0,476,,4,4,generation-iv
457,lumineon,4,456.0,237,2,3,,4,75,70.0,0,20.0,1,5,0,0,0,477,,4,4,generation-iv
458,mantyke,4,,116,2,9,,4,25,50.0,1,25.0,0,1,0,0,0,258,,4,4,generation-iv
459,snover,4,,239,9,6,,4,120,50.0,0,20.0,1,1,0,0,0,478,,4,4,generation-iv
460,abomasnow,4,459.0,239,9,6,,4,60,50.0,0,20.0,1,1,1,0,0,479,,4,4,generation-iv
461,weavile,4,215.0,109,1,6,,4,45,35.0,0,20.0,1,4,0,0,0,246,182.0,4,4,generation-iv
462,magnezone,4,82.0,34,4,4,,-1,30,50.0,0,20.0,0,2,0,0,0,90,,4,4,generation-iv
463,lickilicky,4,108.0,48,6,12,,4,30,50.0,0,20.0,0,2,0,0,0,120,,4,4,generation-iv
464,rhyperior,4,112.0,50,4,6,,4,30,50.0,0,20.0,1,1,0,0,0,125,162.0,4,4,generation-iv
465,tangrowth,4,114.0,52,2,12,,4,30,50.0,0,20.0,1,2,0,0,0,130,,4,4,generation-iv
466,electivire,4,125.0,60,10,6,,2,30,50.0,0,25.0,0,2,0,0,0,147,,4,4,generation-iv
467,magmortar,4,126.0,61,8,6,,2,30,50.0,0,25.0,0,2,0,0,0,150,,4,4,generation-iv
468,togekiss,4,176.0,87,9,9,,1,30,50.0,0,10.0,0,3,0,0,0,205,,4,4,generation-iv
469,yanmega,4,193.0,95,5,13,,4,30,70.0,0,20.0,0,2,0,0,0,224,,4,4,generation-iv
470,leafeon,4,133.0,67,5,8,,1,45,35.0,0,35.0,0,2,0,0,0,163,7.0,4,4,generation-iv
471,glaceon,4,133.0,67,2,8,,1,45,35.0,0,35.0,0,2,0,0,0,164,8.0,4,4,generation-iv
472,gliscor,4,207.0,104,7,9,,4,30,70.0,0,20.0,0,4,0,0,0,239,,4,4,generation-iv
473,mamoswine,4,221.0,112,3,8,,4,50,50.0,0,20.0,1,1,0,0,0,253,,4,4,generation-iv
474,porygon-z,4,233.0,68,8,4,,-1,30,50.0,0,20.0,0,2,0,0,0,168,,4,4,generation-iv
475,gallade,4,281.0,140,9,12,,0,45,35.0,0,20.0,0,1,1,0,0,308,12.0,4,4,generation-iv
476,probopass,4,299.0,147,4,11,,4,60,70.0,0,20.0,0,2,0,0,0,325,,4,4,generation-iv
477,dusknoir,4,356.0,182,1,4,,4,45,35.0,0,25.0,0,3,0,0,0,385,71.0,4,4,generation-iv
478,froslass,4,361.0,186,9,4,,8,75,50.0,0,20.0,0,2,0,0,0,392,95.0,4,4,generation-iv
479,rotom,4,,240,8,1,,-1,45,50.0,0,20.0,0,2,1,0,0,480,,4,4,generation-iv
480,uxie,4,,241,10,6,,-1,3,140.0,0,80.0,0,1,0,1,0,481,,4,4,generation-iv
481,mesprit,4,,242,6,6,,-1,3,140.0,0,80.0,0,1,0,1,0,482,,4,4,generation-iv
482,azelf,4,,243,2,6,,-1,3,140.0,0,80.0,0,1,0,1,0,483,,4,4,generation-iv
483,dialga,4,,244,9,8,,-1,3,0.0,0,120.0,0,1,0,1,0,484,195.0,4,4,generation-iv
484,palkia,4,,245,7,6,,-1,3,0.0,0,120.0,0,1,0,1,0,485,,4,4,generation-iv
485,heatran,4,,246,3,8,,4,3,100.0,0,10.0,0,1,0,1,0,486,,4,4,generation-iv
486,regigigas,4,,247,9,12,,-1,3,0.0,0,120.0,0,1,0,1,0,487,,4,4,generation-iv
487,giratina,4,,248,1,10,,-1,3,0.0,0,120.0,0,1,1,1,0,488,,4,4,generation-iv
488,cresselia,4,,249,10,2,,8,3,100.0,0,120.0,0,1,0,1,0,489,,4,4,generation-iv
489,phione,4,,250,2,4,,-1,30,70.0,0,40.0,0,1,0,0,1,490,,4,4,generation-iv
490,manaphy,4,,250,2,12,,-1,3,70.0,0,10.0,0,1,0,0,1,491,,4,4,generation-iv
491,darkrai,4,,252,1,12,,-1,3,0.0,0,120.0,0,1,0,0,1,492,,4,4,generation-iv
492,shaymin,4,,253,5,8,,-1,45,100.0,0,120.0,0,4,1,0,1,493,,4,4,generation-iv
493,arceus,4,,254,9,8,,-1,3,0.0,0,120.0,0,1,1,0,1,494,199.0,4,4,generation-iv
494,victini,5,,255,10,12,,-1,3,100.0,0,120.0,0,1,0,0,1,495,,5,5,generation-v
495,snivy,5,,256,5,6,,1,45,70.0,0,20.0,0,4,0,0,0,496,118.0,5,5,generation-v
496,servine,5,495.0,256,5,6,,1,45,70.0,0,20.0,0,4,0,0,0,497,119.0,5,5,generation-v
497,serperior,5,496.0,256,5,2,,1,45,70.0,0,20.0,0,4,0,0,0,498,120.0,5,5,generation-v
498,tepig,5,,257,8,8,,1,45,70.0,0,20.0,0,4,0,0,0,499,121.0,5,5,generation-v
499,pignite,5,498.0,257,8,6,,1,45,70.0,0,20.0,0,4,0,0,0,500,122.0,5,5,generation-v
500,emboar,5,499.0,257,8,6,,1,45,70.0,0,20.0,0,4,0,0,0,501,123.0,5,5,generation-v
501,oshawott,5,,258,2,6,,1,45,70.0,0,20.0,0,4,0,0,0,502,106.0,5,5,generation-v
502,dewott,5,501.0,258,2,6,,1,45,70.0,0,20.0,0,4,0,0,0,503,107.0,5,5,generation-v
503,samurott,5,502.0,258,2,8,,1,45,70.0,0,20.0,0,4,0,0,0,504,108.0,5,5,generation-v
504,patrat,5,,259,3,8,,4,255,70.0,0,15.0,0,2,0,0,0,505,,5,5,generation-v
505,watchog,5,504.0,259,3,6,,4,255,70.0,0,20.0,0,2,0,0,0,506,,5,5,generation-v
506,lillipup,5,,260,3,8,,4,255,50.0,0,15.0,0,4,0,0,0,507,,5,5,generation-v
507,herdier,5,506.0,260,4,8,,4,120,50.0,0,15.0,0,4,0,0,0,508,,5,5,generation-v
508,stoutland,5,507.0,260,4,8,,4,45,50.0,0,15.0,0,4,0,0,0,509,,5,5,generation-v
509,purrloin,5,,261,7,8,,4,255,50.0,0,20.0,0,2,0,0,0,510,,5,5,generation-v
510,liepard,5,509.0,261,7,8,,4,90,50.0,0,20.0,0,2,0,0,0,511,,5,5,generation-v
511,pansage,5,,262,5,6,,1,190,70.0,0,20.0,0,2,0,0,0,512,136.0,5,5,generation-v
512,simisage,5,511.0,262,5,6,,1,75,70.0,0,20.0,0,2,0,0,0,513,137.0,5,5,generation-v
513,pansear,5,,263,8,6,,1,190,70.0,0,20.0,0,2,0,0,0,514,138.0,5,5,generation-v
514,simisear,5,513.0,263,8,6,,1,75,70.0,0,20.0,0,2,0,0,0,515,139.0,5,5,generation-v
515,panpour,5,,264,2,6,,1,190,70.0,0,20.0,0,2,0,0,0,516,140.0,5,5,generation-v
516,simipour,5,515.0,264,2,6,,1,75,70.0,0,20.0,0,2,0,0,0,517,141.0,5,5,generation-v
517,munna,5,,265,6,8,,4,190,50.0,0,10.0,0,3,0,0,0,518,72.0,5,5,generation-v
518,musharna,5,517.0,265,6,12,,4,75,50.0,0,10.0,0,3,0,0,0,519,73.0,5,5,generation-v
519,pidove,5,,266,4,9,,4,255,50.0,0,15.0,0,4,0,0,0,520,,5,5,generation-v
520,tranquill,5,519.0,266,4,9,,4,120,50.0,0,15.0,0,4,0,0,0,521,,5,5,generation-v
521,unfezant,5,520.0,266,4,9,,4,45,50.0,0,15.0,1,4,0,0,0,522,,5,5,generation-v
522,blitzle,5,,267,1,8,,4,190,70.0,0,20.0,0,2,0,0,0,523,74.0,5,5,generation-v
523,zebstrika,5,522.0,267,1,8,,4,75,70.0,0,20.0,0,2,0,0,0,524,75.0,5,5,generation-v
524,roggenrola,5,,268,2,7,,4,255,50.0,0,15.0,0,4,0,0,0,525,40.0,5,5,generation-v
525,boldore,5,524.0,268,2,10,,4,120,50.0,0,15.0,0,4,0,0,0,526,41.0,5,5,generation-v
526,gigalith,5,525.0,268,2,10,,4,45,50.0,0,15.0,0,4,0,0,0,527,42.0,5,5,generation-v
527,woobat,5,,269,2,9,,4,190,50.0,0,15.0,0,2,0,0,0,528,,5,5,generation-v
528,swoobat,5,527.0,269,2,9,,4,45,50.0,0,15.0,0,2,0,0,0,529,,5,5,generation-v
529,drilbur,5,,270,4,6,,4,120,50.0,0,20.0,0,2,0,0,0,530,152.0,5,5,generation-v
530,excadrill,5,529.0,270,4,12,,4,60,50.0,0,20.0,0,2,0,0,0,531,153.0,5,5,generation-v
531,audino,5,,271,6,6,,4,255,50.0,0,20.0,0,3,1,0,0,532,185.0,5,5,generation-v
532,timburr,5,,272,4,12,,2,180,70.0,0,20.0,0,4,0,0,0,533,101.0,5,5,generation-v
533,gurdurr,5,532.0,272,4,12,,2,90,50.0,0,20.0,0,4,0,0,0,534,102.0,5,5,generation-v
534,conkeldurr,5,533.0,272,3,12,,2,45,50.0,0,20.0,0,4,0,0,0,535,103.0,5,5,generation-v
535,tympole,5,,273,2,3,,4,255,50.0,0,20.0,0,4,0,0,0,536,,5,5,generation-v
536,palpitoad,5,535.0,273,2,6,,4,120,50.0,0,20.0,0,4,0,0,0,537,,5,5,generation-v
537,seismitoad,5,536.0,273,2,12,,4,45,50.0,0,20.0,0,4,0,0,0,538,,5,5,generation-v
538,throh,5,,274,8,12,,0,45,50.0,0,20.0,0,2,0,0,0,539,,5,5,generation-v
539,sawk,5,,275,2,12,,0,45,50.0,0,20.0,0,2,0,0,0,540,,5,5,generation-v
540,sewaddle,5,,276,10,14,,4,255,70.0,0,15.0,0,4,0,0,0,541,124.0,5,5,generation-v
541,swadloon,5,540.0,276,5,4,,4,120,70.0,0,15.0,0,4,0,0,0,542,125.0,5,5,generation-v
542,leavanny,5,541.0,276,10,12,,4,45,70.0,0,15.0,0,4,0,0,0,543,126.0,5,5,generation-v
543,venipede,5,,277,8,14,,4,255,50.0,0,15.0,0,4,0,0,0,544,31.0,5,5,generation-v
544,whirlipede,5,543.0,277,4,1,,4,120,50.0,0,15.0,0,4,0,0,0,545,32.0,5,5,generation-v
545,scolipede,5,544.0,277,8,14,,4,45,50.0,0,20.0,0,4,0,0,0,546,33.0,5,5,generation-v
546,cottonee,5,,278,5,1,,4,190,50.0,0,20.0,0,2,0,0,0,547,48.0,5,5,generation-v
547,whimsicott,5,546.0,278,5,12,,4,75,50.0,0,20.0,0,2,0,0,0,548,49.0,5,5,generation-v
548,petilil,5,,279,5,5,,8,190,50.0,0,20.0,0,2,0,0,0,549,43.0,5,5,generation-v
549,lilligant,5,548.0,279,5,5,,8,75,50.0,0,20.0,0,2,0,0,0,550,44.0,5,5,generation-v
550,basculin,5,,280,5,3,,4,25,50.0,0,40.0,0,2,0,0,0,551,,5,5,generation-v
551,sandile,5,,281,3,8,,4,180,50.0,0,20.0,0,4,0,0,0,552,66.0,5,5,generation-v
552,krokorok,5,551.0,281,3,8,,4,90,50.0,0,20.0,0,4,0,0,0,553,67.0,5,5,generation-v
553,krookodile,5,552.0,281,8,6,,4,45,50.0,0,20.0,0,4,0,0,0,554,68.0,5,5,generation-v
554,darumaka,5,,282,8,12,,4,120,50.0,0,20.0,0,4,0,0,0,555,142.0,5,5,generation-v
555,darmanitan,5,554.0,282,8,8,,4,60,50.0,0,20.0,0,4,1,0,0,556,143.0,5,5,generation-v
556,maractus,5,,283,5,5,,4,255,50.0,0,20.0,0,2,0,0,0,557,,5,5,generation-v
557,dwebble,5,,284,8,14,,4,190,50.0,0,20.0,0,2,0,0,0,558,,5,5,generation-v
558,crustle,5,557.0,284,8,14,,4,75,50.0,0,20.0,0,2,0,0,0,559,,5,5,generation-v
559,scraggy,5,,285,10,6,,4,180,35.0,0,15.0,0,2,0,0,0,560,165.0,5,5,generation-v
560,scrafty,5,559.0,285,8,6,,4,90,50.0,0,15.0,0,2,0,0,0,561,166.0,5,5,generation-v
561,sigilyph,5,,286,1,9,,4,45,50.0,0,20.0,0,2,0,0,0,562,,5,5,generation-v
562,yamask,5,,287,1,4,,4,190,50.0,0,25.0,0,2,0,0,0,563,,5,5,generation-v
563,cofagrigus,5,562.0,287,10,5,,4,90,50.0,0,25.0,0,2,0,0,0,564,,5,5,generation-v
564,tirtouga,5,,288,2,8,,1,45,50.0,0,30.0,0,2,0,0,0,565,,5,5,generation-v
565,carracosta,5,564.0,288,2,6,,1,45,50.0,0,30.0,0,2,0,0,0,566,,5,5,generation-v
566,archen,5,,289,10,9,,1,45,50.0,0,30.0,0,2,0,0,0,567,,5,5,generation-v
567,archeops,5,566.0,289,10,9,,1,45,50.0,0,30.0,0,2,0,0,0,568,,5,5,generation-v
568,trubbish,5,,290,5,12,,4,190,50.0,0,20.0,0,2,0,0,0,569,,5,5,generation-v
569,garbodor,5,568.0,290,5,12,,4,60,50.0,0,20.0,0,2,0,0,0,570,,5,5,generation-v
570,zorua,5,,291,4,8,,1,75,50.0,0,25.0,0,4,0,0,0,571,154.0,5,5,generation-v
571,zoroark,5,570.0,291,4,6,,1,45,50.0,0,20.0,0,4,0,0,0,572,155.0,5,5,generation-v
572,minccino,5,,292,4,8,,6,255,50.0,0,15.0,0,3,0,0,0,573,96.0,5,5,generation-v
573,cinccino,5,572.0,292,4,8,,6,60,50.0,0,15.0,0,3,0,0,0,574,97.0,5,5,generation-v
574,gothita,5,,293,7,12,,6,200,50.0,0,20.0,0,4,0,0,0,575,63.0,5,5,generation-v
575,gothorita,5,574.0,293,7,12,,6,100,50.0,0,20.0,0,4,0,0,0,576,64.0,5,5,generation-v
576,gothitelle,5,575.0,293,7,12,,6,50,50.0,0,20.0,0,4,0,0,0,577,65.0,5,5,generation-v
577,solosis,5,,294,5,1,,4,200,50.0,0,20.0,0,4,0,0,0,578,,5,5,generation-v
578,duosion,5,577.0,294,5,1,,4,100,50.0,0,20.0,0,4,0,0,0,579,,5,5,generation-v
579,reuniclus,5,578.0,294,5,4,,4,50,50.0,0,20.0,0,4,0,0,0,580,,5,5,generation-v
580,ducklett,5,,295,2,9,,4,190,70.0,0,20.0,0,2,0,0,0,581,,5,5,generation-v
581,swanna,5,580.0,295,9,9,,4,45,70.0,0,20.0,0,2,0,0,0,582,,5,5,generation-v
582,vanillite,5,,296,9,5,,4,255,50.0,0,20.0,0,1,0,0,0,583,,5,5,generation-v
583,vanillish,5,582.0,296,9,5,,4,120,50.0,0,20.0,0,1,0,0,0,584,,5,5,generation-v
584,vanilluxe,5,583.0,296,9,11,,4,45,50.0,0,20.0,0,1,0,0,0,585,,5,5,generation-v
585,deerling,5,,297,6,8,,4,190,70.0,0,20.0,0,2,1,0,0,586,,5,5,generation-v
586,sawsbuck,5,585.0,297,3,8,,4,75,70.0,0,20.0,0,2,1,0,0,587,,5,5,generation-v
587,emolga,5,,298,9,8,,4,200,50.0,0,20.0,0,2,0,0,0,588,180.0,5,5,generation-v
588,karrablast,5,,299,2,12,,4,200,50.0,0,15.0,0,2,0,0,0,589,,5,5,generation-v
589,escavalier,5,588.0,299,4,4,,4,75,50.0,0,15.0,0,2,0,0,0,590,,5,5,generation-v
590,foongus,5,,300,9,4,,4,190,50.0,0,20.0,0,2,0,0,0,591,,5,5,generation-v
591,amoonguss,5,590.0,300,9,4,,4,75,50.0,0,20.0,0,2,0,0,0,592,,5,5,generation-v
592,frillish,5,,301,9,10,,4,190,50.0,0,20.0,1,2,0,0,0,593,,5,5,generation-v
593,jellicent,5,592.0,301,9,10,,4,60,50.0,0,20.0,1,2,0,0,0,594,,5,5,generation-v
594,alomomola,5,,302,6,3,,4,75,70.0,0,40.0,0,3,0,0,0,595,,5,5,generation-v
595,joltik,5,,303,10,14,,4,190,50.0,0,20.0,0,2,0,0,0,596,147.0,5,5,generation-v
596,galvantula,5,595.0,303,10,14,,4,75,50.0,0,20.0,0,2,0,0,0,597,148.0,5,5,generation-v
597,ferroseed,5,,304,4,1,,4,255,50.0,0,20.0,0,2,0,0,0,598,,5,5,generation-v
598,ferrothorn,5,597.0,304,4,10,,4,90,50.0,0,20.0,0,2,0,0,0,599,,5,5,generation-v
599,klink,5,,305,4,11,,-1,130,50.0,0,20.0,0,4,0,0,0,600,,5,5,generation-v
600,klang,5,599.0,305,4,11,,-1,60,50.0,0,20.0,0,4,0,0,0,601,,5,5,generation-v
601,klinklang,5,600.0,305,4,11,,-1,30,50.0,0,20.0,0,4,0,0,0,602,,5,5,generation-v
602,tynamo,5,,306,9,3,,4,190,70.0,0,20.0,0,1,0,0,0,603,,5,5,generation-v
603,eelektrik,5,602.0,306,2,3,,4,60,70.0,0,20.0,0,1,0,0,0,604,,5,5,generation-v
604,eelektross,5,603.0,306,2,3,,4,30,70.0,0,20.0,0,1,0,0,0,605,,5,5,generation-v
605,elgyem,5,,307,2,6,,4,255,50.0,0,20.0,0,2,0,0,0,606,,5,5,generation-v
606,beheeyem,5,605.0,307,3,12,,4,90,50.0,0,20.0,0,2,0,0,0,607,,5,5,generation-v
607,litwick,5,,308,9,5,,4,190,50.0,0,20.0,0,4,0,0,0,608,37.0,5,5,generation-v
608,lampent,5,607.0,308,1,4,,4,90,50.0,0,20.0,0,4,0,0,0,609,38.0,5,5,generation-v
609,chandelure,5,608.0,308,1,4,,4,45,50.0,0,20.0,0,4,0,0,0,610,39.0,5,5,generation-v
610,axew,5,,309,5,6,,4,75,35.0,0,40.0,0,1,0,0,0,611,144.0,5,5,generation-v
611,fraxure,5,610.0,309,5,6,,4,60,35.0,0,40.0,0,1,0,0,0,612,145.0,5,5,generation-v
612,haxorus,5,611.0,309,10,6,,4,45,35.0,0,40.0,0,1,0,0,0,613,146.0,5,5,generation-v
613,cubchoo,5,,310,9,6,,4,120,50.0,0,20.0,0,2,0,0,0,614,104.0,5,5,generation-v
614,beartic,5,613.0,310,9,8,,4,60,50.0,0,20.0,0,2,0,0,0,615,105.0,5,5,generation-v
615,cryogonal,5,,311,2,1,,-1,25,50.0,0,25.0,0,2,0,0,0,616,,5,5,generation-v
616,shelmet,5,,312,8,1,,4,200,50.0,0,15.0,0,2,0,0,0,617,,5,5,generation-v
617,accelgor,5,616.0,312,8,4,,4,75,50.0,0,15.0,0,2,0,0,0,618,,5,5,generation-v
618,stunfisk,5,,313,3,3,,4,75,70.0,0,20.0,0,2,0,0,0,619,,5,5,generation-v
619,mienfoo,5,,314,10,6,,4,180,50.0,0,25.0,0,4,0,0,0,620,,5,5,generation-v
620,mienshao,5,619.0,314,7,6,,4,45,50.0,0,25.0,0,4,0,0,0,621,,5,5,generation-v
621,druddigon,5,,315,8,6,,4,45,50.0,0,30.0,0,2,0,0,0,622,,5,5,generation-v
622,golett,5,,316,5,12,,-1,190,50.0,0,25.0,0,2,0,0,0,623,,5,5,generation-v
623,golurk,5,622.0,316,5,12,,-1,90,50.0,0,25.0,0,2,0,0,0,624,,5,5,generation-v
624,pawniard,5,,317,8,12,,4,120,35.0,0,20.0,0,2,0,0,0,625,158.0,5,5,generation-v
625,bisharp,5,624.0,317,8,12,,4,45,35.0,0,20.0,0,2,0,0,0,626,159.0,5,5,generation-v
626,bouffalant,5,,318,3,8,,4,45,50.0,0,20.0,0,2,0,0,0,627,,5,5,generation-v
627,rufflet,5,,319,9,9,,0,190,50.0,0,20.0,0,1,0,0,0,628,169.0,5,5,generation-v
628,braviary,5,627.0,319,8,9,,0,60,50.0,0,20.0,0,1,0,0,0,629,170.0,5,5,generation-v
629,vullaby,5,,320,3,9,,8,190,35.0,0,20.0,0,1,0,0,0,630,,5,5,generation-v
630,mandibuzz,5,629.0,320,3,9,,8,60,35.0,0,20.0,0,1,0,0,0,631,,5,5,generation-v
631,heatmor,5,,321,8,6,,4,90,50.0,0,20.0,0,2,0,0,0,632,,5,5,generation-v
632,durant,5,,322,4,14,,4,90,50.0,0,20.0,0,2,0,0,0,633,,5,5,generation-v
633,deino,5,,323,2,8,,4,45,35.0,0,40.0,0,1,0,0,0,634,90.0,5,5,generation-v
634,zweilous,5,633.0,323,2,8,,4,45,35.0,0,40.0,0,1,0,0,0,635,91.0,5,5,generation-v
635,hydreigon,5,634.0,323,2,6,,4,45,35.0,0,40.0,0,1,0,0,0,636,92.0,5,5,generation-v
636,larvesta,5,,324,9,14,,4,45,50.0,0,40.0,0,1,0,0,0,637,173.0,5,5,generation-v
637,volcarona,5,636.0,324,9,13,,4,15,50.0,0,40.0,0,1,0,0,0,638,174.0,5,5,generation-v
638,cobalion,5,,325,2,8,,-1,3,35.0,0,80.0,0,1,0,1,0,639,,5,5,generation-v
639,terrakion,5,,326,4,8,,-1,3,35.0,0,80.0,0,1,0,1,0,640,191.0,5,5,generation-v
640,virizion,5,,327,5,8,,-1,3,35.0,0,80.0,0,1,0,1,0,641,,5,5,generation-v
641,tornadus,5,,328,5,4,,0,3,90.0,0,120.0,0,1,1,1,0,642,,5,5,generation-v
642,thundurus,5,,329,2,4,,0,3,90.0,0,120.0,0,1,1,1,0,643,,5,5,generation-v
643,reshiram,5,,330,9,9,,-1,3,0.0,0,120.0,0,1,0,1,0,644,197.0,5,5,generation-v
644,zekrom,5,,331,1,6,,-1,3,0.0,0,120.0,0,1,0,1,0,645,198.0,5,5,generation-v
645,landorus,5,,332,3,4,,0,3,90.0,0,120.0,0,1,1,1,0,646,,5,5,generation-v
646,kyurem,5,,333,4,6,,-1,3,0.0,0,120.0,0,1,1,1,0,647,,5,5,generation-v
647,keldeo,5,,334,10,8,,-1,3,35.0,0,80.0,0,1,1,0,1,648,,5,5,generation-v
648,meloetta,5,,335,9,12,,-1,3,100.0,0,120.0,0,1,1,0,1,649,,5,5,generation-v
649,genesect,5,,336,7,12,,-1,3,0.0,0,120.0,0,1,1,0,1,650,,5,5,generation-v
650,chespin,6,,337,5,6,,1,45,70.0,0,20.0,0,4,0,0,0,651,,6,6,generation-vi
651,quilladin,6,650.0,337,5,6,,1,45,70.0,0,20.0,0,4,0,0,0,652,,6,6,generation-vi
652,chesnaught,6,651.0,337,5,6,,1,45,70.0,0,20.0,0,4,0,0,0,653,,6,6,generation-vi
653,fennekin,6,,338,8,8,,1,45,70.0,0,20.0,0,4,0,0,0,654,,6,6,generation-vi
654,braixen,6,653.0,338,8,6,,1,45,70.0,0,20.0,0,4,0,0,0,655,,6,6,generation-vi
655,delphox,6,654.0,338,8,6,,1,45,70.0,0,20.0,0,4,0,0,0,656,,6,6,generation-vi
656,froakie,6,,339,2,8,,1,45,70.0,0,20.0,0,4,0,0,0,657,,6,6,generation-vi
657,frogadier,6,656.0,339,2,12,,1,45,70.0,0,20.0,0,4,0,0,0,658,,6,6,generation-vi
658,greninja,6,657.0,339,2,12,,1,45,70.0,0,20.0,0,4,0,0,0,659,,6,6,generation-vi
659,bunnelby,6,,340,3,6,,4,255,50.0,0,15.0,0,2,0,0,0,660,,6,6,generation-vi
660,diggersby,6,659.0,340,3,6,,4,127,50.0,0,15.0,0,2,0,0,0,661,,6,6,generation-vi
661,fletchling,6,,341,8,9,,4,255,50.0,0,15.0,0,4,0,0,0,662,,6,6,generation-vi
662,fletchinder,6,661.0,341,8,9,,4,120,50.0,0,15.0,0,4,0,0,0,663,,6,6,generation-vi
663,talonflame,6,662.0,341,8,9,,4,45,50.0,0,15.0,0,4,0,0,0,664,,6,6,generation-vi
664,scatterbug,6,,342,1,14,,4,255,70.0,0,15.0,0,2,0,0,0,665,,6,6,generation-vi
665,spewpa,6,664.0,342,1,5,,4,120,70.0,0,15.0,0,2,0,0,0,666,,6,6,generation-vi
666,vivillon,6,665.0,342,9,13,,4,45,70.0,0,15.0,0,2,0,0,0,667,,6,6,generation-vi
667,litleo,6,,343,3,8,,7,220,70.0,0,20.0,0,4,0,0,0,668,,6,6,generation-vi
668,pyroar,6,667.0,343,3,8,,7,65,70.0,0,20.0,1,4,0,0,0,669,,6,6,generation-vi
669,flabebe,6,,344,9,4,,8,225,70.0,0,20.0,0,2,0,0,0,670,,6,6,generation-vi
670,floette,6,669.0,344,9,4,,8,120,70.0,0,20.0,0,2,0,0,0,671,,6,6,generation-vi
671,florges,6,670.0,344,9,4,,8,45,70.0,0,20.0,0,2,0,0,0,672,,6,6,generation-vi
672,skiddo,6,,345,3,8,,4,200,70.0,0,20.0,0,2,0,0,0,673,,6,6,generation-vi
673,gogoat,6,672.0,345,3,8,,4,45,70.0,0,20.0,0,2,0,0,0,674,,6,6,generation-vi
674,pancham,6,,346,9,6,,4,220,50.0,0,25.0,0,2,0,0,0,675,,6,6,generation-vi
675,pangoro,6,674.0,346,9,12,,4,65,50.0,0,25.0,0,2,0,0,0,676,,6,6,generation-vi
676,furfrou,6,,347,9,8,,4,160,70.0,0,20.0,0,2,1,0,0,677,,6,6,generation-vi
677,espurr,6,,348,4,6,,4,190,50.0,0,20.0,0,2,0,0,0,678,,6,6,generation-vi
678,meowstic,6,677.0,348,2,6,,4,75,50.0,0,20.0,1,2,0,0,0,679,,6,6,generation-vi
679,honedge,6,,349,3,5,,4,180,50.0,0,20.0,0,2,0,0,0,680,,6,6,generation-vi
680,doublade,6,679.0,349,3,11,,4,90,50.0,0,20.0,0,2,0,0,0,681,,6,6,generation-vi
681,aegislash,6,680.0,349,3,5,,4,45,50.0,0,20.0,0,2,1,0,0,682,,6,6,generation-vi
682,spritzee,6,,350,6,4,,4,200,50.0,0,20.0,0,2,0,0,0,683,,6,6,generation-vi
683,aromatisse,6,682.0,350,6,12,,4,140,50.0,0,20.0,0,2,0,0,0,684,,6,6,generation-vi
684,swirlix,6,,351,9,7,,4,200,50.0,0,20.0,0,2,0,0,0,685,,6,6,generation-vi
685,slurpuff,6,684.0,351,9,12,,4,140,50.0,0,20.0,0,2,0,0,0,686,,6,6,generation-vi
686,inkay,6,,352,2,10,,4,190,50.0,0,20.0,0,2,0,0,0,687,,6,6,generation-vi
687,malamar,6,686.0,352,2,5,,4,80,50.0,0,20.0,0,2,0,0,0,688,,6,6,generation-vi
688,binacle,6,,353,3,11,,4,120,50.0,0,20.0,0,2,0,0,0,689,,6,6,generation-vi
689,barbaracle,6,688.0,353,3,11,,4,45,50.0,0,20.0,0,2,0,0,0,690,,6,6,generation-vi
690,skrelp,6,,354,3,5,,4,225,50.0,0,20.0,0,2,0,0,0,691,,6,6,generation-vi
691,dragalge,6,690.0,354,3,5,,4,55,50.0,0,20.0,0,2,0,0,0,692,,6,6,generation-vi
692,clauncher,6,,355,2,14,,4,225,50.0,0,15.0,0,1,0,0,0,693,,6,6,generation-vi
693,clawitzer,6,692.0,355,2,2,,4,55,50.0,0,15.0,0,1,0,0,0,694,,6,6,generation-vi
694,helioptile,6,,356,10,6,,4,190,50.0,0,20.0,0,2,0,0,0,695,,6,6,generation-vi
695,heliolisk,6,694.0,356,10,6,,4,75,50.0,0,20.0,0,2,0,0,0,696,,6,6,generation-vi
696,tyrunt,6,,357,3,6,,1,45,50.0,0,30.0,0,2,0,0,0,697,,6,6,generation-vi
697,tyrantrum,6,696.0,357,8,6,,1,45,50.0,0,30.0,0,2,0,0,0,698,,6,6,generation-vi
698,amaura,6,,358,2,8,,1,45,50.0,0,30.0,0,2,0,0,0,699,,6,6,generation-vi
699,aurorus,6,698.0,358,2,8,,1,45,50.0,0,30.0,0,2,0,0,0,700,,6,6,generation-vi
700,sylveon,6,133.0,67,6,8,,1,45,50.0,0,35.0,0,2,0,0,0,165,,6,6,generation-vi
701,hawlucha,6,,359,5,12,,4,100,50.0,0,20.0,0,2,0,0,0,701,,6,6,generation-vi
702,dedenne,6,,360,10,6,,4,180,50.0,0,20.0,0,2,0,0,0,702,,6,6,generation-vi
703,carbink,6,,361,4,1,,-1,60,50.0,0,25.0,0,1,0,0,0,703,,6,6,generation-vi
704,goomy,6,,362,7,2,,4,45,35.0,0,40.0,0,1,0,0,0,704,,6,6,generation-vi
705,sliggoo,6,704.0,362,7,2,,4,45,35.0,0,40.0,0,1,0,0,0,705,,6,6,generation-vi
706,goodra,6,705.0,362,7,6,,4,45,35.0,0,40.0,0,1,0,0,0,706,,6,6,generation-vi
707,klefki,6,,363,4,1,,4,75,50.0,0,20.0,0,3,0,0,0,707,,6,6,generation-vi
708,phantump,6,,364,3,4,,4,120,50.0,0,20.0,0,2,0,0,0,708,,6,6,generation-vi
709,trevenant,6,708.0,364,3,10,,4,60,50.0,0,20.0,0,2,0,0,0,709,,6,6,generation-vi
710,pumpkaboo,6,,365,3,1,,4,120,50.0,0,20.0,0,2,0,0,0,710,,6,6,generation-vi
711,gourgeist,6,710.0,365,3,5,,4,60,50.0,0,20.0,0,2,0,0,0,711,,6,6,generation-vi
712,bergmite,6,,366,2,8,,4,190,50.0,0,20.0,0,2,0,0,0,712,,6,6,generation-vi
713,avalugg,6,712.0,366,2,8,,4,55,50.0,0,20.0,0,2,0,0,0,713,,6,6,generation-vi
714,noibat,6,,367,7,9,,4,190,50.0,0,20.0,0,2,0,0,0,714,,6,6,generation-vi
715,noivern,6,714.0,367,7,9,,4,45,50.0,0,20.0,0,2,0,0,0,715,,6,6,generation-vi
716,xerneas,6,,368,2,8,,-1,45,0.0,0,120.0,0,1,1,1,0,716,,6,6,generation-vi
717,yveltal,6,,369,8,9,,-1,45,0.0,0,120.0,0,1,0,1,0,717,,6,6,generation-vi
718,zygarde,6,,370,5,2,,-1,3,0.0,0,120.0,0,1,0,1,0,718,,6,6,generation-vi
719,diancie,6,,371,6,4,,-1,3,50.0,0,25.0,0,1,1,0,1,719,,6,6,generation-vi
720,hoopa,6,,372,7,4,,-1,3,100.0,0,120.0,0,1,0,0,1,720,,6,6,generation-vi
721,volcanion,6,,373,3,8,,-1,3,100.0,0,120.0,0,1,0,0,1,721,,6,6,generation-vi
722,rowlet,7,,374,3,9,,1,45,50.0,0,15.0,0,4,0,0,0,722,,7,7,generation-vii
723,dartrix,7,722.0,374,3,9,,1,45,50.0,0,15.0,0,4,0,0,0,723,,7,7,generation-vii
724,decidueye,7,723.0,374,3,9,,1,45,50.0,0,15.0,0,4,0,0,0,724,,7,7,generation-vii
725,litten,7,,375,8,8,,1,45,50.0,0,15.0,0,4,0,0,0,725,,7,7,generation-vii
726,torracat,7,725.0,375,8,8,,1,45,50.0,0,15.0,0,4,0,0,0,726,,7,7,generation-vii
727,incineroar,7,726.0,375,8,6,,1,45,50.0,0,15.0,0,4,0,0,0,727,,7,7,generation-vii
728,popplio,7,,376,2,3,,1,45,50.0,0,15.0,0,4,0,0,0,728,,7,7,generation-vii
729,brionne,7,728.0,376,2,3,,1,45,50.0,0,15.0,0,4,0,0,0,729,,7,7,generation-vii
730,primarina,7,729.0,376,2,3,,1,45,50.0,0,15.0,0,4,0,0,0,730,,7,7,generation-vii
731,pikipek,7,,377,1,9,,4,255,70.0,0,15.0,0,2,0,0,0,731,,7,7,generation-vii
732,trumbeak,7,731.0,377,1,9,,4,120,70.0,0,15.0,0,2,0,0,0,732,,7,7,generation-vii
733,toucannon,7,732.0,377,1,9,,4,45,70.0,0,15.0,0,2,0,0,0,733,,7,7,generation-vii
734,yungoos,7,,378,3,8,,4,255,70.0,0,15.0,0,2,0,0,0,734,,7,7,generation-vii
735,gumshoos,7,734.0,378,3,8,,4,127,70.0,0,15.0,0,2,0,0,0,735,,7,7,generation-vii
736,grubbin,7,,379,4,14,,4,255,50.0,0,15.0,0,2,0,0,0,736,,7,7,generation-vii
737,charjabug,7,736.0,379,5,2,,4,120,50.0,0,15.0,0,2,0,0,0,737,,7,7,generation-vii
738,vikavolt,7,737.0,379,2,14,,4,45,50.0,0,15.0,0,2,0,0,0,738,,7,7,generation-vii
739,crabrawler,7,,380,7,14,,4,225,70.0,0,20.0,0,2,0,0,0,739,,7,7,generation-vii
740,crabominable,7,739.0,380,9,14,,4,60,70.0,0,20.0,0,2,0,0,0,740,,7,7,generation-vii
741,oricorio,7,,381,8,9,,6,45,70.0,0,20.0,0,2,0,0,0,741,,7,7,generation-vii
742,cutiefly,7,,382,10,14,,4,190,50.0,0,20.0,0,2,0,0,0,742,,7,7,generation-vii
743,ribombee,7,742.0,382,10,13,,4,75,50.0,0,20.0,0,2,0,0,0,743,,7,7,generation-vii
744,rockruff,7,,383,3,8,,4,190,50.0,0,15.0,0,2,0,0,0,744,,7,7,generation-vii
745,lycanroc,7,744.0,383,3,8,,4,90,50.0,0,15.0,0,2,0,0,0,745,,7,7,generation-vii
746,wishiwashi,7,,384,2,3,,4,60,50.0,0,15.0,0,3,0,0,0,746,,7,7,generation-vii
747,mareanie,7,,385,2,5,,4,190,50.0,0,20.0,0,2,0,0,0,747,,7,7,generation-vii
748,toxapex,7,747.0,385,2,10,,4,75,50.0,0,20.0,0,2,0,0,0,748,,7,7,generation-vii
749,mudbray,7,,386,3,8,,4,190,50.0,0,20.0,0,2,0,0,0,749,,7,7,generation-vii
750,mudsdale,7,749.0,386,3,8,,4,60,50.0,0,20.0,0,2,0,0,0,750,,7,7,generation-vii
751,dewpider,7,,387,5,7,,4,200,50.0,0,15.0,0,2,0,0,0,751,,7,7,generation-vii
752,araquanid,7,751.0,387,5,14,,4,100,50.0,0,15.0,0,2,0,0,0,752,,7,7,generation-vii
753,fomantis,7,,388,6,6,,4,190,50.0,0,20.0,0,2,0,0,0,753,,7,7,generation-vii
754,lurantis,7,753.0,388,6,12,,4,75,50.0,0,20.0,0,2,0,0,0,754,,7,7,generation-vii
755,morelull,7,,389,7,5,,4,190,50.0,0,20.0,0,2,0,0,0,755,,7,7,generation-vii
756,shiinotic,7,755.0,389,7,12,,4,75,50.0,0,20.0,0,2,0,0,0,756,,7,7,generation-vii
757,salandit,7,,390,1,8,,1,120,50.0,0,20.0,0,2,0,0,0,757,,7,7,generation-vii
758,salazzle,7,757.0,390,1,8,,8,45,50.0,0,20.0,0,2,0,0,0,758,,7,7,generation-vii
759,stufful,7,,391,6,8,,4,140,50.0,0,15.0,0,2,0,0,0,759,,7,7,generation-vii
760,bewear,7,759.0,391,6,6,,4,70,50.0,0,15.0,0,2,0,0,0,760,,7,7,generation-vii
761,bounsweet,7,,392,7,7,,8,235,50.0,0,20.0,0,4,0,0,0,761,,7,7,generation-vii
762,steenee,7,761.0,392,7,12,,8,120,50.0,0,20.0,0,4,0,0,0,762,,7,7,generation-vii
763,tsareena,7,762.0,392,7,12,,8,45,50.0,0,20.0,0,4,0,0,0,763,,7,7,generation-vii
764,comfey,7,,393,5,1,,6,60,50.0,0,20.0,0,3,0,0,0,764,,7,7,generation-vii
765,oranguru,7,,394,9,12,,4,45,50.0,0,20.0,0,1,0,0,0,765,,7,7,generation-vii
766,passimian,7,,395,9,6,,4,45,50.0,0,20.0,0,1,0,0,0,766,,7,7,generation-vii
767,wimpod,7,,396,4,10,,4,90,50.0,0,20.0,0,2,0,0,0,767,,7,7,generation-vii
768,golisopod,7,767.0,396,4,12,,4,45,50.0,0,20.0,0,2,0,0,0,768,,7,7,generation-vii
769,sandygast,7,,397,3,2,,4,140,50.0,0,15.0,0,2,0,0,0,769,,7,7,generation-vii
770,palossand,7,769.0,397,3,2,,4,60,50.0,0,15.0,0,2,0,0,0,770,,7,7,generation-vii
771,pyukumuku,7,,398,1,2,,4,60,50.0,0,15.0,0,3,0,0,0,771,,7,7,generation-vii
772,type-null,7,,399,4,8,,-1,3,0.0,0,120.0,0,1,0,0,0,772,,7,7,generation-vii
773,silvally,7,772.0,399,4,8,,-1,3,0.0,0,120.0,0,1,0,1,0,773,,7,7,generation-vii
774,minior,7,,400,3,1,,-1,30,70.0,0,25.0,0,4,0,0,0,774,,7,7,generation-vii
775,komala,7,,401,2,12,,4,45,70.0,0,20.0,0,1,0,0,0,775,,7,7,generation-vii
776,turtonator,7,,402,8,6,,4,70,50.0,0,20.0,0,2,0,0,0,776,,7,7,generation-vii
777,togedemaru,7,,403,4,6,,4,180,50.0,0,10.0,0,2,0,0,0,777,,7,7,generation-vii
778,mimikyu,7,,404,10,2,,4,45,50.0,0,20.0,0,2,0,0,0,778,,7,7,generation-vii
779,bruxish,7,,405,6,3,,4,80,70.0,0,15.0,0,2,0,0,0,779,,7,7,generation-vii
780,drampa,7,,406,9,2,,4,70,50.0,0,20.0,0,2,0,0,0,780,,7,7,generation-vii
781,dhelmise,7,,407,5,5,,-1,25,50.0,0,25.0,0,2,0,0,0,781,,7,7,generation-vii
782,jangmo-o,7,,408,4,8,,4,45,50.0,0,40.0,0,1,0,0,0,782,,7,7,generation-vii
783,hakamo-o,7,782.0,408,4,6,,4,45,50.0,0,40.0,0,1,0,0,0,783,,7,7,generation-vii
784,kommo-o,7,783.0,408,4,6,,4,45,50.0,0,40.0,0,1,0,0,0,784,,7,7,generation-vii
785,tapu-koko,7,,409,10,4,,-1,3,50.0,0,15.0,0,1,0,1,0,785,,7,7,generation-vii
786,tapu-lele,7,,410,6,4,,-1,3,50.0,0,15.0,0,1,0,1,0,786,,7,7,generation-vii
787,tapu-bulu,7,,411,8,4,,-1,3,50.0,0,15.0,0,1,0,1,0,787,,7,7,generation-vii
788,tapu-fini,7,,412,7,4,,-1,3,50.0,0,15.0,0,1,0,1,0,788,,7,7,generation-vii
789,cosmog,7,,413,2,1,,-1,45,0.0,0,120.0,0,1,0,1,0,789,,7,7,generation-vii
790,cosmoem,7,789.0,413,2,1,,-1,45,0.0,0,120.0,0,1,0,1,0,790,,7,7,generation-vii
791,solgaleo,7,790.0,413,9,8,,-1,45,0.0,0,120.0,0,1,0,1,0,791,,7,7,generation-vii
792,lunala,7,790.0,413,7,9,,-1,45,0.0,0,120.0,0,1,0,1,0,792,,7,7,generation-vii
793,nihilego,7,,414,9,10,,-1,45,0.0,0,120.0,0,1,0,0,0,793,,7,7,generation-vii
794,buzzwole,7,,415,8,10,,-1,45,0.0,0,120.0,0,1,0,0,0,794,,7,7,generation-vii
795,pheromosa,7,,416,9,12,,-1,45,0.0,0,120.0,0,1,0,0,0,795,,7,7,generation-vii
796,xurkitree,7,,417,1,6,,-1,45,0.0,0,120.0,0,1,0,0,0,796,,7,7,generation-vii
797,celesteela,7,,418,5,12,,-1,45,0.0,0,120.0,0,1,0,0,0,797,,7,7,generation-vii
798,kartana,7,,419,9,12,,-1,45,0.0,0,120.0,0,1,0,0,0,798,,7,7,generation-vii
799,guzzlord,7,,420,1,6,,-1,45,0.0,0,120.0,0,1,0,0,0,799,,7,7,generation-vii
800,necrozma,7,,421,1,4,,-1,255,0.0,0,120.0,0,1,0,1,0,800,,7,7,generation-vii
801,magearna,7,,422,4,12,,-1,3,0.0,0,120.0,0,1,0,0,1,801,,7,7,generation-vii
802,marshadow,7,,423,4,12,,-1,3,0.0,0,120.0,0,1,0,0,1,802,,7,7,generation-vii
803,poipole,7,,424,7,6,,-1,45,0.0,0,120.0,0,1,0,0,0,803,,7,7,generation-vii
804,naganadel,7,803.0,424,7,9,,-1,45,0.0,0,120.0,0,1,0,0,0,804,,7,7,generation-vii
805,stakataka,7,,425,4,8,,-1,30,0.0,0,120.0,0,1,0,0,0,805,,7,7,generation-vii
806,blacephalon,7,,426,9,12,,-1,30,0.0,0,120.0,0,1,0,0,0,806,,7,7,generation-vii
807,zeraora,7,,427,10,12,,-1,3,0.0,0,120.0,0,1,0,0,1,807,,7,7,generation-vii
808,meltan,7,,428,4,1,,-1,3,0.0,0,120.0,0,1,0,0,1,808,,7,7,generation-vii
809,melmetal,7,808.0,429,4,12,,-1,3,0.0,0,120.0,0,1,0,0,1,809,,7,7,generation-vii
810,grookey,8,,430,5,6,,1,45,50.0,0,20.0,0,4,0,0,0,810,,8,8,generation-viii
811,thwackey,8,810.0,430,5,6,,1,45,50.0,0,20.0,0,4,0,0,0,811,,8,8,generation-viii
812,rillaboom,8,811.0,430,5,12,,1,45,50.0,0,20.0,0,4,0,0,0,812,,8,8,generation-viii
813,scorbunny,8,,431,9,6,,1,45,50.0,0,20.0,0,4,0,0,0,813,,8,8,generation-viii
814,raboot,8,813.0,431,4,6,,1,45,50.0,0,20.0,0,4,0,0,0,814,,8,8,generation-viii
815,cinderace,8,814.0,431,9,6,,1,45,50.0,0,20.0,0,4,0,0,0,815,,8,8,generation-viii
816,sobble,8,,432,2,8,,1,45,50.0,0,20.0,0,4,0,0,0,816,,8,8,generation-viii
817,drizzile,8,816.0,432,2,6,,1,45,50.0,0,20.0,0,4,0,0,0,817,,8,8,generation-viii
818,inteleon,8,817.0,432,2,6,,1,45,50.0,0,20.0,0,4,0,0,0,818,,8,8,generation-viii
819,skwovet,8,,433,3,6,,4,255,50.0,0,20.0,0,2,0,0,0,819,,8,8,generation-viii
820,greedent,8,819.0,433,3,6,,4,90,50.0,0,20.0,0,2,0,0,0,820,,8,8,generation-viii
821,rookidee,8,,434,2,9,,4,255,50.0,0,15.0,0,4,0,0,0,821,,8,8,generation-viii
822,corvisquire,8,821.0,434,2,9,,4,120,50.0,0,15.0,0,4,0,0,0,822,,8,8,generation-viii
823,corviknight,8,822.0,434,7,9,,4,45,50.0,0,15.0,0,4,0,0,0,823,,8,8,generation-viii
824,blipbug,8,,435,2,14,,4,255,50.0,0,15.0,0,2,0,0,0,824,,8,8,generation-viii
825,dottler,8,824.0,435,10,14,,4,120,50.0,0,15.0,0,2,0,0,0,825,,8,8,generation-viii
826,orbeetle,8,825.0,435,8,9,,4,45,50.0,0,15.0,0,2,0,0,0,826,,8,8,generation-viii
827,nickit,8,,436,3,8,,4,255,50.0,0,15.0,0,3,0,0,0,827,,8,8,generation-viii
828,thievul,8,827.0,436,3,8,,4,127,50.0,0,15.0,0,3,0,0,0,828,,8,8,generation-viii
829,gossifleur,8,,437,5,5,,4,190,50.0,0,20.0,0,2,0,0,0,829,,8,8,generation-viii
830,eldegoss,8,829.0,437,5,5,,4,75,50.0,0,20.0,0,2,0,0,0,830,,8,8,generation-viii
831,wooloo,8,,438,9,8,,4,255,50.0,0,15.0,0,2,0,0,0,831,,8,8,generation-viii
832,dubwool,8,831.0,438,9,8,,4,127,50.0,0,15.0,0,2,0,0,0,832,,8,8,generation-viii
833,chewtle,8,,439,5,8,,4,255,50.0,0,20.0,0,2,0,0,0,833,,8,8,generation-viii
834,drednaw,8,833.0,439,5,8,,4,75,50.0,0,20.0,0,2,0,0,0,834,,8,8,generation-viii
835,yamper,8,,440,10,8,,4,255,50.0,0,20.0,0,3,0,0,0,835,,8,8,generation-viii
836,boltund,8,835.0,440,10,8,,4,45,50.0,0,20.0,0,3,0,0,0,836,,8,8,generation-viii
837,rolycoly,8,,441,1,1,,4,255,50.0,0,15.0,0,4,0,0,0,837,,8,8,generation-viii
838,carkol,8,837.0,441,1,7,,4,120,50.0,0,15.0,0,4,0,0,0,838,,8,8,generation-viii
839,coalossal,8,838.0,441,1,12,,4,45,50.0,0,15.0,0,4,0,0,0,839,,8,8,generation-viii
840,applin,8,,442,5,2,,4,255,50.0,0,20.0,0,5,0,0,0,840,,8,8,generation-viii
841,flapple,8,840.0,442,5,9,,4,45,50.0,0,20.0,0,5,0,0,0,841,,8,8,generation-viii
842,appletun,8,840.0,442,5,8,,4,45,50.0,0,20.0,0,5,0,0,0,842,,8,8,generation-viii
843,silicobra,8,,443,5,2,,4,255,50.0,0,20.0,0,2,0,0,0,843,,8,8,generation-viii
844,sandaconda,8,843.0,443,5,2,,4,120,50.0,0,20.0,0,2,0,0,0,844,,8,8,generation-viii
845,cramorant,8,,444,2,9,,4,45,50.0,0,20.0,0,2,0,0,0,845,,8,8,generation-viii
846,arrokuda,8,,445,3,3,,4,255,50.0,0,20.0,0,1,0,0,0,846,,8,8,generation-viii
847,barraskewda,8,846.0,445,3,3,,4,60,50.0,0,20.0,0,1,0,0,0,847,,8,8,generation-viii
848,toxel,8,,446,7,6,,4,75,50.0,1,25.0,0,4,0,0,0,848,,8,8,generation-viii
849,toxtricity,8,848.0,446,7,6,,4,45,50.0,0,25.0,0,4,0,0,0,849,,8,8,generation-viii
850,sizzlipede,8,,447,8,10,,4,190,50.0,0,20.0,0,2,0,0,0,850,,8,8,generation-viii
851,centiskorch,8,850.0,447,8,10,,4,75,50.0,0,20.0,0,2,0,0,0,851,,8,8,generation-viii
852,clobbopus,8,,448,3,10,,4,180,50.0,0,25.0,0,4,0,0,0,852,,8,8,generation-viii
853,grapploct,8,852.0,448,2,10,,4,45,50.0,0,25.0,0,4,0,0,0,853,,8,8,generation-viii
854,sinistea,8,,449,7,1,,-1,120,50.0,0,20.0,0,2,0,0,0,854,,8,8,generation-viii
855,polteageist,8,854.0,449,7,1,,-1,60,50.0,0,20.0,0,2,0,0,0,855,,8,8,generation-viii
856,hatenna,8,,450,6,7,,8,235,50.0,0,20.0,0,1,0,0,0,856,,8,8,generation-viii
857,hattrem,8,856.0,450,6,12,,8,120,50.0,0,20.0,0,1,0,0,0,857,,8,8,generation-viii
858,hatterene,8,857.0,450,6,5,,8,45,50.0,0,20.0,0,1,0,0,0,858,,8,8,generation-viii
859,impidimp,8,,451,6,12,,0,255,50.0,0,20.0,0,2,0,0,0,859,,8,8,generation-viii
860,morgrem,8,859.0,451,6,12,,0,120,50.0,0,20.0,0,2,0,0,0,860,,8,8,generation-viii
861,grimmsnarl,8,860.0,451,7,12,,0,45,50.0,0,20.0,0,2,0,0,0,861,,8,8,generation-viii
862,obstagoon,8,264.0,134,4,6,,4,45,50.0,0,15.0,0,2,0,0,0,862,,8,8,generation-viii
863,perrserker,8,52.0,22,3,6,,4,90,50.0,0,20.0,0,2,0,0,0,863,,8,8,generation-viii
864,cursola,8,222.0,113,9,4,,6,30,50.0,0,20.0,0,3,0,0,0,864,,8,8,generation-viii
865,sirfetchd,8,83.0,35,9,9,,4,45,50.0,0,20.0,0,2,0,0,0,865,,8,8,generation-viii
866,mr-rime,8,122.0,57,7,12,,4,45,50.0,0,25.0,0,2,0,0,0,866,,8,8,generation-viii
867,runerigus,8,562.0,287,4,5,,4,90,50.0,0,25.0,0,2,0,0,0,867,,8,8,generation-viii
868,milcery,8,,452,9,1,,8,200,50.0,0,20.0,0,2,0,0,0,868,,8,8,generation-viii
869,alcremie,8,868.0,452,9,5,,8,100,50.0,0,20.0,0,2,0,0,0,869,,8,8,generation-viii
870,falinks,8,,453,10,11,,-1,45,50.0,0,25.0,0,2,0,0,0,870,,8,8,generation-viii
871,pincurchin,8,,454,7,10,,4,75,50.0,0,20.0,0,2,0,0,0,871,,8,8,generation-viii
872,snom,8,,455,9,2,,4,190,50.0,0,20.0,0,2,0,0,0,872,,8,8,generation-viii
873,frosmoth,8,872.0,455,9,13,,4,75,50.0,0,20.0,0,2,0,0,0,873,,8,8,generation-viii
874,stonjourner,8,,456,4,7,,4,60,50.0,0,25.0,0,1,0,0,0,874,,8,8,generation-viii
875,eiscue,8,,457,2,6,,4,60,50.0,0,25.0,0,1,0,0,0,875,,8,8,generation-viii
876,indeedee,8,,458,7,6,,4,30,140.0,0,40.0,1,3,0,0,0,876,,8,8,generation-viii
877,morpeko,8,,459,10,12,,4,180,50.0,0,10.0,0,2,0,0,0,877,,8,8,generation-viii
878,cufant,8,,460,10,8,,4,190,50.0,0,25.0,0,2,0,0,0,878,,8,8,generation-viii
879,copperajah,8,878.0,460,5,8,,4,90,50.0,0,25.0,0,2,0,0,0,879,,8,8,generation-viii
880,dracozolt,8,,461,5,6,,-1,45,50.0,0,35.0,0,1,0,0,0,880,,8,8,generation-viii
881,arctozolt,8,,462,2,6,,-1,45,50.0,0,35.0,0,1,0,0,0,881,,8,8,generation-viii
882,dracovish,8,,463,5,7,,-1,45,50.0,0,35.0,0,1,0,0,0,882,,8,8,generation-viii
883,arctovish,8,,464,2,3,,-1,45,50.0,0,35.0,0,1,0,0,0,883,,8,8,generation-viii
884,duraludon,8,,465,9,6,,4,45,50.0,0,30.0,0,2,0,0,0,884,,8,8,generation-viii
885,dreepy,8,,466,5,2,,4,45,50.0,0,40.0,0,1,0,0,0,885,,8,8,generation-viii
886,drakloak,8,885.0,466,5,4,,4,45,50.0,0,40.0,0,1,0,0,0,886,,8,8,generation-viii
887,dragapult,8,886.0,466,5,6,,4,45,50.0,0,40.0,0,1,0,0,0,887,,8,8,generation-viii
888,zacian,8,,467,2,8,,-1,10,0.0,0,120.0,0,1,0,1,0,888,,8,8,generation-viii
889,zamazenta,8,,468,8,8,,-1,10,0.0,0,120.0,0,1,0,1,0,889,,8,8,generation-viii
890,eternatus,8,,469,7,9,,-1,255,0.0,0,120.0,0,1,0,1,0,890,,8,8,generation-viii
891,kubfu,8,,470,4,6,,1,3,50.0,0,120.0,0,1,0,1,0,891,,8,8,generation-viii
892,urshifu,8,891.0,470,4,12,,1,3,50.0,0,120.0,0,1,0,1,0,892,,8,8,generation-viii
893,zarude,8,,471,5,6,,-1,3,0.0,0,120.0,0,1,0,0,1,893,,8,8,generation-viii
894,regieleki,8,,472,10,12,,-1,3,35.0,0,120.0,0,1,0,1,0,894,,8,8,generation-viii
895,regidrago,8,,473,5,12,,-1,3,35.0,0,120.0,0,1,0,1,0,895,,8,8,generation-viii
896,glastrier,8,,474,9,8,,-1,3,35.0,0,120.0,0,1,0,1,0,896,,8,8,generation-viii
897,spectrier,8,,475,1,8,,-1,3,35.0,0,120.0,0,1,0,1,0,897,,8,8,generation-viii
898,calyrex,8,,476,5,12,,-1,3,100.0,0,120.0,0,1,0,1,0,898,,8,8,generation-viii
899,wyrdeer,8,234.0,120,4,8,,4,135,,0,,0,1,0,0,0,899,,8,8,generation-viii
900,kleavor,8,123.0,58,3,13,,4,115,,0,,0,2,0,0,0,900,,8,8,generation-viii
901,ursaluna,8,217.0,110,3,8,,4,75,,0,,0,2,0,0,0,901,,8,8,generation-viii
902,basculegion,8,550.0,280,5,3,,4,135,,0,,1,2,1,0,0,902,,8,8,generation-viii
903,sneasler,8,215.0,109,4,6,,4,135,,0,,0,4,0,0,0,903,,8,8,generation-viii
904,overqwil,8,211.0,106,1,3,,4,135,,0,,0,2,0,0,0,904,,8,8,generation-viii
905,enamorus,8,,477,6,4,,8,3,,0,,0,1,1,1,0,905,,8,8,generation-viii
906,sprigatito,9,,478,5,8,,1,45,50.0,0,20.0,0,4,0,0,0,906,,9,10,generation-ix
907,floragato,9,906.0,478,5,6,,1,45,50.0,0,20.0,0,4,0,0,0,907,,9,10,generation-ix
908,meowscarada,9,907.0,478,5,6,,1,45,50.0,0,20.0,0,4,0,0,0,908,,9,10,generation-ix
909,fuecoco,9,,479,8,6,,1,45,50.0,0,20.0,0,4,0,0,0,909,,9,10,generation-ix
910,crocalor,9,909.0,479,8,6,,1,45,50.0,0,20.0,0,4,0,0,0,910,,9,10,generation-ix
911,skeledirge,9,910.0,479,8,8,,1,45,50.0,0,20.0,0,4,0,0,0,911,,9,10,generation-ix
912,quaxly,9,,480,9,6,,1,45,50.0,0,20.0,0,4,0,0,0,912,,9,10,generation-ix
913,quaxwell,9,912.0,480,2,6,,1,45,50.0,0,20.0,0,4,0,0,0,913,,9,10,generation-ix
914,quaquaval,9,913.0,480,2,6,,1,45,50.0,0,20.0,0,4,0,0,0,914,,9,10,generation-ix
915,lechonk,9,,481,4,8,,4,255,50.0,0,15.0,0,2,0,0,0,915,,9,10,generation-ix
916,oinkologne,9,915.0,481,4,8,,0,100,50.0,0,15.0,1,2,0,0,0,916,,9,10,generation-ix
917,tarountula,9,,482,9,14,,4,255,50.0,0,15.0,0,5,0,0,0,918,,9,10,generation-ix
918,spidops,9,917.0,482,5,14,,4,120,50.0,0,15.0,0,5,0,0,0,919,,9,10,generation-ix
919,nymble,9,,483,4,14,,4,190,20.0,0,20.0,0,2,0,0,0,920,,9,10,generation-ix
920,lokix,9,919.0,483,4,12,,4,30,0.0,0,20.0,0,2,0,0,0,921,,9,10,generation-ix
921,pawmi,9,,484,10,8,,4,190,50.0,0,15.0,0,2,0,0,0,954,,9,10,generation-ix
922,pawmo,9,921.0,484,10,6,,4,80,50.0,0,15.0,0,2,0,0,0,955,,9,10,generation-ix
923,pawmot,9,922.0,484,10,6,,4,45,50.0,0,15.0,0,2,0,0,0,956,,9,10,generation-ix
924,tandemaus,9,,485,9,11,,-1,150,50.0,0,10.0,0,3,0,0,0,945,,9,10,generation-ix
925,maushold,9,924.0,485,9,11,,-1,75,50.0,0,10.0,0,3,0,0,0,946,,9,10,generation-ix
926,fidough,9,,486,10,8,,4,190,50.0,0,20.0,0,4,0,0,0,970,,9,10,generation-ix
927,dachsbun,9,926.0,486,3,8,,4,90,50.0,0,20.0,0,4,0,0,0,971,,9,10,generation-ix
928,smoliv,9,,487,5,7,,4,255,50.0,0,20.0,0,4,0,0,0,935,,9,10,generation-ix
929,dolliv,9,928.0,487,5,12,,4,120,50.0,0,20.0,0,4,0,0,0,936,,9,10,generation-ix
930,arboliva,9,929.0,487,5,12,,4,45,50.0,0,20.0,0,4,0,0,0,937,,9,10,generation-ix
931,squawkabilly,9,,488,5,9,,4,190,50.0,0,15.0,0,5,0,0,0,960,,9,10,generation-ix
932,nacli,9,,489,3,1,,4,255,50.0,0,20.0,0,4,0,0,0,963,,9,10,generation-ix
933,naclstack,9,932.0,489,3,8,,4,120,50.0,0,20.0,0,4,0,0,0,964,,9,10,generation-ix
934,garganacl,9,933.0,489,3,12,,4,45,50.0,0,20.0,0,4,0,0,0,965,,9,10,generation-ix
935,charcadet,9,,490,8,12,,4,90,50.0,0,35.0,0,1,0,0,0,1003,,9,10,generation-ix
936,armarouge,9,935.0,490,8,12,,4,25,20.0,0,35.0,0,1,0,0,0,1004,,9,10,generation-ix
937,ceruledge,9,935.0,490,2,12,,4,25,20.0,0,35.0,0,1,0,0,0,1005,,9,10,generation-ix
938,tadbulb,9,,491,10,1,,4,190,50.0,0,20.0,0,2,0,0,0,940,,9,10,generation-ix
939,bellibolt,9,938.0,491,5,12,,4,50,50.0,0,20.0,0,2,0,0,0,941,,9,10,generation-ix
940,wattrel,9,,492,1,9,,4,180,50.0,0,20.0,0,4,0,0,0,957,,9,10,generation-ix
941,kilowattrel,9,940.0,492,10,9,,4,90,50.0,0,20.0,0,4,0,0,0,958,,9,10,generation-ix
942,maschiff,9,,493,3,8,,4,150,50.0,0,20.0,0,4,0,0,0,972,,9,10,generation-ix
943,mabosstiff,9,942.0,493,4,8,,4,75,50.0,0,20.0,0,4,0,0,0,973,,9,10,generation-ix
944,shroodle,9,,494,4,8,,4,190,50.0,0,20.0,0,4,0,0,0,968,,9,10,generation-ix
945,grafaiai,9,944.0,494,4,6,,4,90,50.0,0,20.0,0,4,0,0,0,969,,9,10,generation-ix
946,bramblin,9,,495,3,1,,4,190,50.0,0,20.0,0,2,0,0,0,974,,9,10,generation-ix
947,brambleghast,9,946.0,495,3,1,,4,45,50.0,0,20.0,0,2,0,0,0,975,,9,10,generation-ix
948,toedscool,9,,496,10,7,,4,190,50.0,0,20.0,0,4,0,0,0,1006,,9,10,generation-ix
949,toedscruel,9,948.0,496,1,10,,4,90,50.0,0,20.0,0,4,0,0,0,1007,,9,10,generation-ix
950,klawf,9,,497,8,14,,4,120,50.0,0,35.0,0,2,0,0,0,962,,9,10,generation-ix
951,capsakid,9,,498,5,6,,4,190,50.0,0,20.0,0,2,0,0,0,938,,9,10,generation-ix
952,scovillain,9,951.0,498,5,6,,4,75,50.0,0,20.0,0,2,0,0,0,939,,9,10,generation-ix
953,rellor,9,,499,3,14,,4,190,50.0,0,20.0,0,3,0,0,0,922,,9,10,generation-ix
954,rabsca,9,953.0,499,5,14,,4,45,50.0,0,20.0,0,3,0,0,0,923,,9,10,generation-ix
955,flittle,9,,500,10,7,,4,120,50.0,0,20.0,0,4,0,0,0,926,,9,10,generation-ix
956,espathra,9,955.0,500,10,6,,4,60,50.0,0,20.0,0,4,0,0,0,927,,9,10,generation-ix
957,tinkatink,9,,501,6,12,,8,190,50.0,0,20.0,0,4,0,0,0,1000,,9,10,generation-ix
958,tinkatuff,9,957.0,501,6,12,,8,90,50.0,0,20.0,0,4,0,0,0,1001,,9,10,generation-ix
959,tinkaton,9,958.0,501,6,12,,8,45,50.0,0,20.0,0,4,0,0,0,1002,,9,10,generation-ix
960,wiglett,9,,502,9,5,,4,255,50.0,0,20.0,0,2,0,0,0,929,,9,10,generation-ix
961,wugtrio,9,960.0,502,8,5,,4,50,50.0,0,20.0,0,2,0,0,0,930,,9,10,generation-ix
962,bombirdier,9,,503,9,9,,4,25,50.0,0,35.0,0,1,0,0,0,959,,9,10,generation-ix
963,finizen,9,,504,2,3,,4,200,50.0,0,40.0,0,1,0,0,0,933,,9,10,generation-ix
964,palafin,9,963.0,504,2,3,,4,45,50.0,0,40.0,0,1,0,0,0,934,,9,10,generation-ix
965,varoom,9,,505,4,7,,4,190,50.0,0,20.0,0,2,0,0,0,942,,9,10,generation-ix
966,revavroom,9,965.0,505,4,7,,4,75,50.0,0,20.0,0,2,0,0,0,943,,9,10,generation-ix
967,cyclizar,9,,506,5,8,,4,190,50.0,0,30.0,0,4,0,0,0,953,,9,10,generation-ix
968,orthworm,9,,507,6,2,,4,25,50.0,0,35.0,0,1,0,0,0,944,,9,10,generation-ix
969,glimmet,9,,508,2,1,,4,70,50.0,0,30.0,0,4,0,0,0,966,,9,10,generation-ix
970,glimmora,9,969.0,508,2,1,,4,25,50.0,0,30.0,0,4,0,0,0,967,,9,10,generation-ix
971,greavard,9,,509,9,8,,4,120,50.0,0,20.0,0,4,0,0,0,924,,9,10,generation-ix
972,houndstone,9,971.0,509,9,8,,4,60,50.0,0,20.0,0,4,0,0,0,925,,9,10,generation-ix
973,flamigo,9,,510,6,9,,4,100,50.0,0,20.0,0,4,0,0,0,961,,9,10,generation-ix
974,cetoddle,9,,511,9,6,,4,150,50.0,0,25.0,0,4,0,0,0,947,,9,10,generation-ix
975,cetitan,9,974.0,511,9,6,,4,50,50.0,0,25.0,0,4,0,0,0,948,,9,10,generation-ix
976,veluza,9,,512,4,3,,4,100,50.0,0,20.0,0,3,0,0,0,932,,9,10,generation-ix
977,dondozo,9,,513,2,3,,4,25,50.0,0,40.0,0,1,0,0,0,931,,9,10,generation-ix
978,tatsugiri,9,,514,6,3,,4,100,50.0,0,35.0,0,4,0,0,0,952,,9,10,generation-ix
979,annihilape,9,57.0,24,4,12,,4,45,50.0,0,20.0,0,2,0,0,0,1010,,9,10,generation-ix
980,clodsire,9,194.0,96,3,8,,4,90,50.0,0,20.0,0,2,0,0,0,1009,,9,10,generation-ix
981,farigiraf,9,203.0,101,3,8,,4,45,50.0,0,20.0,0,2,0,0,0,928,,9,10,generation-ix
982,dudunsparce,9,206.0,103,10,2,,4,45,50.0,0,20.0,0,2,0,0,0,917,,9,10,generation-ix
983,kingambit,9,625.0,317,1,12,,4,25,50.0,0,20.0,0,2,0,0,0,1008,,9,10,generation-ix
984,great-tusk,9,,515,7,8,,-1,30,0.0,0,50.0,0,1,0,0,0,978,,9,10,generation-ix
985,scream-tail,9,,516,6,6,,-1,50,0.0,0,50.0,0,1,0,0,0,982,,9,10,generation-ix
986,brute-bonnet,9,,517,4,8,,-1,50,0.0,0,50.0,0,1,0,0,0,979,,9,10,generation-ix
987,flutter-mane,9,,518,4,9,,-1,30,0.0,0,50.0,0,1,0,0,0,983,,9,10,generation-ix
988,slither-wing,9,,519,8,8,,-1,30,0.0,0,50.0,0,1,0,0,0,984,,9,10,generation-ix
989,sandy-shocks,9,,520,4,8,,-1,30,0.0,0,50.0,0,1,0,0,0,981,,9,10,generation-ix
990,iron-treads,9,,521,4,8,,-1,30,0.0,0,50.0,0,1,0,0,0,986,,9,10,generation-ix
991,iron-bundle,9,,522,8,6,,-1,50,0.0,0,50.0,0,1,0,0,0,992,,9,10,generation-ix
992,iron-hands,9,,523,4,12,,-1,50,0.0,0,50.0,0,1,0,0,0,989,,9,10,generation-ix
993,iron-jugulis,9,,524,2,6,,-1,30,0.0,0,50.0,0,1,0,0,0,990,,9,10,generation-ix
994,iron-moth,9,,525,10,13,,-1,30,0.0,0,50.0,0,1,0,0,0,988,,9,10,generation-ix
995,iron-thorns,9,,526,5,6,,-1,30,0.0,0,50.0,0,1,0,0,0,991,,9,10,generation-ix
996,frigibax,9,,527,4,6,,4,45,50.0,0,40.0,0,1,0,0,0,949,,9,10,generation-ix
997,arctibax,9,996.0,527,4,6,,4,25,50.0,0,40.0,0,1,0,0,0,950,,9,10,generation-ix
998,baxcalibur,9,997.0,527,4,6,,4,10,50.0,0,40.0,0,1,0,0,0,951,,9,10,generation-ix
999,gimmighoul,9,,528,3,5,,-1,45,50.0,0,50.0,0,1,0,0,0,976,,9,10,generation-ix
1000,gholdengo,9,999.0,528,10,12,,-1,45,50.0,0,50.0,0,1,0,0,0,977,,9,10,generation-ix
1001,wo-chien,9,,529,3,2,,-1,6,0.0,0,50.0,0,1,0,1,0,996,,9,10,generation-ix
1002,chien-pao,9,,530,9,8,,-1,6,0.0,0,50.0,0,1,0,1,0,995,,9,10,generation-ix
1003,ting-lu,9,,531,3,8,,-1,6,0.0,0,50.0,0,1,0,1,0,994,,9,10,generation-ix
1004,chi-yu,9,,532,8,3,,-1,6,0.0,0,50.0,0,1,0,1,0,997,,9,10,generation-ix
1005,roaring-moon,9,,533,5,8,,-1,10,0.0,0,50.0,0,1,0,0,0,985,,9,10,generation-ix
1006,iron-valiant,9,,534,9,12,,-1,10,0.0,0,50.0,0,1,0,0,0,993,,9,10,generation-ix
1007,koraidon,9,,535,8,6,,-1,3,0.0,0,50.0,0,1,0,1,0,998,,9,10,generation-ix
1008,miraidon,9,,536,2,8,,-1,3,0.0,0,50.0,0,1,0,1,0,999,,9,10,generation-ix
1009,walking-wake,9,,537,2,6,,-1,5,0.0,0,50.0,0,1,0,0,0,1011,,9,10,generation-ix
1010,iron-leaves,9,,538,5,8,,-1,5,0.0,0,50.0,0,1,0,0,0,1012,,9,10,generation-ix
1011,dipplin,9,840.0,442,5,11,,-1,45,0.0,0,20.0,0,1,0,0,0,1013,,9,10,generation-ix
1012,poltchageist,9,,539,5,1,,-1,120,0.0,0,50.0,0,1,0,0,0,1014,,9,10,generation-ix
1013,sinistcha,9,1012.0,539,5,1,,-1,60,0.0,0,50.0,0,1,0,0,0,1015,,9,10,generation-ix
1014,okidogi,9,,540,1,6,,-1,3,0.0,0,50.0,0,1,0,1,0,1016,,9,10,generation-ix
1015,munkidori,9,,541,1,12,,-1,3,0.0,0,50.0,0,1,0,1,0,1017,,9,10,generation-ix
1016,fezandipiti,9,,542,1,9,,-1,3,0.0,0,50.0,0,1,0,1,0,1018,,9,10,generation-ix
1017,ogerpon,9,,543,5,12,,-1,5,0.0,0,50.0,0,1,0,1,0,1019,,9,10,generation-ix
1018,archaludon,9,884.0,465,9,6,,4,10,50.0,0,30.0,0,2,0,0,0,1020,,9,10,generation-ix
1019,hydrapple,9,1011.0,442,5,11,,4,10,50.0,0,20.0,0,5,0,0,0,1021,,9,10,generation-ix
1020,gouging-fire,9,,544,3,8,,-1,10,0.0,0,50.0,0,1,0,0,0,1022,,9,10,generation-ix
1021,raging-bolt,9,,545,10,8,,-1,10,0.0,0,50.0,0,1,0,0,0,1023,,9,10,generation-ix
1022,iron-boulder,9,,547,4,8,,-1,10,0.0,0,50.0,0,1,0,0,0,1024,,9,10,generation-ix
1023,iron-crown,9,,546,2,8,,-1,10,0.0,0,50.0,0,1,0,0,0,1025,,9,10,generation-ix
1024,terapagos,9,,548,2,8,,-1,255,50.0,0,5.0,0,1,0,1,0,1026,,9,10,generation-ix
1025,pecharunt,9,,549,7,1,,-1,3,0.0,0,20.0,0,1,0,0,1,1027,,9,10,generation-ix
